<?xml version="1.0" encoding="utf-8"?>
<CoverageSession xmlns:xsd="http://www.w3.org/2001/XMLSchema" xmlns:xsi="http://www.w3.org/2001/XMLSchema-instance">
  <Summary numSequencePoints="297" visitedSequencePoints="243" numBranchPoints="80" visitedBranchPoints="58" sequenceCoverage="81.82" branchCoverage="72.5" maxCyclomaticComplexity="3" minCyclomaticComplexity="1" visitedClasses="9" numClasses="14" visitedMethods="43" numMethods="62" />
  <Modules>
    <Module skippedDueTo="Filter" hash="9E-8A-E3-82-1B-DC-B9-5E-6E-B3-DB-A2-88-EF-8C-25-74-82-D4-FC">
      <ModulePath>C:\Program Files\dotnet\shared\Microsoft.NETCore.App\5.0.1\System.Private.CoreLib.dll</ModulePath>
      <ModuleTime>2020-11-26T05:19:10Z</ModuleTime>
      <ModuleName>System.Private.CoreLib</ModuleName>
      <Classes />
    </Module>
    <Module skippedDueTo="MissingPdb" hash="D6-8B-D5-04-BB-42-04-4D-5B-32-EC-42-AE-E0-D7-D7-E9-3C-24-0B">
      <ModulePath>C:\Program Files\dotnet\sdk\5.0.101\dotnet.dll</ModulePath>
      <ModuleTime>2020-12-02T04:51:20Z</ModuleTime>
      <ModuleName>dotnet</ModuleName>
      <Classes />
    </Module>
    <Module skippedDueTo="Filter" hash="2C-27-F2-9A-19-38-D9-2E-A0-A6-75-F0-5B-49-8C-E5-CB-FA-EE-5D">
      <ModulePath>C:\Program Files\dotnet\shared\Microsoft.NETCore.App\5.0.1\System.Runtime.dll</ModulePath>
      <ModuleTime>2020-11-26T05:22:38Z</ModuleTime>
      <ModuleName>System.Runtime</ModuleName>
      <Classes />
    </Module>
    <Module skippedDueTo="MissingPdb" hash="1D-29-1D-09-07-54-12-D6-0E-C5-87-06-A4-C2-14-E2-2D-B9-E4-EE">
      <ModulePath>C:\Program Files\dotnet\sdk\5.0.101\Microsoft.DotNet.Cli.Utils.dll</ModulePath>
      <ModuleTime>2020-12-02T04:51:24Z</ModuleTime>
      <ModuleName>Microsoft.DotNet.Cli.Utils</ModuleName>
      <Classes />
    </Module>
    <Module skippedDueTo="Filter" hash="B0-4D-D5-E8-70-6D-7B-2B-FB-7E-E8-23-59-47-98-3A-DA-F8-17-AF">
      <ModulePath>C:\Program Files\dotnet\shared\Microsoft.NETCore.App\5.0.1\System.Runtime.Loader.dll</ModulePath>
      <ModuleTime>2020-11-26T05:22:38Z</ModuleTime>
      <ModuleName>System.Runtime.Loader</ModuleName>
      <Classes />
    </Module>
    <Module skippedDueTo="Filter" hash="BA-F4-ED-D7-13-C8-55-40-22-7B-A8-6E-36-DD-E1-0C-CE-64-D4-2E">
      <ModulePath>C:\Program Files\dotnet\shared\Microsoft.NETCore.App\5.0.1\System.Runtime.InteropServices.RuntimeInformation.dll</ModulePath>
      <ModuleTime>2020-11-26T05:23:24Z</ModuleTime>
      <ModuleName>System.Runtime.InteropServices.RuntimeInformation</ModuleName>
      <Classes />
    </Module>
    <Module skippedDueTo="Filter" hash="EF-75-C6-B7-D8-E4-F9-36-A6-E5-11-A8-9B-87-B4-B2-20-76-2F-E1">
      <ModulePath>C:\Program Files\dotnet\shared\Microsoft.NETCore.App\5.0.1\System.IO.FileSystem.dll</ModulePath>
      <ModuleTime>2020-11-26T05:23:08Z</ModuleTime>
      <ModuleName>System.IO.FileSystem</ModuleName>
      <Classes />
    </Module>
    <Module skippedDueTo="Filter" hash="38-CE-15-CF-27-7A-FC-59-85-86-C7-94-CD-07-2F-85-73-24-05-29">
      <ModulePath>C:\Program Files\dotnet\shared\Microsoft.NETCore.App\5.0.1\System.Runtime.InteropServices.dll</ModulePath>
      <ModuleTime>2020-11-26T05:22:38Z</ModuleTime>
      <ModuleName>System.Runtime.InteropServices</ModuleName>
      <Classes />
    </Module>
    <Module skippedDueTo="Filter" hash="CC-1E-3F-5D-55-55-4D-9F-E5-9B-55-4B-E6-35-5C-A0-C8-97-3B-22">
      <ModulePath>C:\Program Files\dotnet\shared\Microsoft.NETCore.App\5.0.1\System.Memory.dll</ModulePath>
      <ModuleTime>2020-11-26T05:24:08Z</ModuleTime>
      <ModuleName>System.Memory</ModuleName>
      <Classes />
    </Module>
    <Module skippedDueTo="Filter" hash="CB-81-6B-86-6D-D6-EB-F8-13-08-10-2C-9C-43-A5-81-6E-46-6A-22">
      <ModulePath>C:\Program Files\dotnet\shared\Microsoft.NETCore.App\5.0.1\System.Text.Encoding.CodePages.dll</ModulePath>
      <ModuleTime>2020-11-26T05:23:24Z</ModuleTime>
      <ModuleName>System.Text.Encoding.CodePages</ModuleName>
      <Classes />
    </Module>
    <Module skippedDueTo="Filter" hash="24-5D-A5-72-4B-33-83-A9-79-8D-1B-E4-99-E0-73-AC-22-ED-61-AE">
      <ModulePath>C:\Program Files\dotnet\shared\Microsoft.NETCore.App\5.0.1\System.Collections.dll</ModulePath>
      <ModuleTime>2020-11-26T05:23:30Z</ModuleTime>
      <ModuleName>System.Collections</ModuleName>
      <Classes />
    </Module>
    <Module skippedDueTo="Filter" hash="98-F3-6B-70-C7-F7-3C-86-E9-35-6E-24-62-E9-07-F7-4D-FB-46-37">
      <ModulePath>C:\Program Files\dotnet\shared\Microsoft.NETCore.App\5.0.1\System.Threading.dll</ModulePath>
      <ModuleTime>2020-11-26T05:22:40Z</ModuleTime>
      <ModuleName>System.Threading</ModuleName>
      <Classes />
    </Module>
    <Module skippedDueTo="Filter" hash="C5-4E-0B-D5-3C-85-C7-AB-12-CB-9C-34-80-EF-51-87-86-38-25-BD">
      <ModulePath>C:\Program Files\dotnet\shared\Microsoft.NETCore.App\5.0.1\System.Collections.Concurrent.dll</ModulePath>
      <ModuleTime>2020-11-26T05:23:04Z</ModuleTime>
      <ModuleName>System.Collections.Concurrent</ModuleName>
      <Classes />
    </Module>
    <Module skippedDueTo="Filter" hash="17-AA-F2-B7-5D-DC-63-65-32-5B-7B-20-82-36-48-12-EA-CE-34-13">
      <ModulePath>C:\Program Files\dotnet\shared\Microsoft.NETCore.App\5.0.1\System.Threading.Thread.dll</ModulePath>
      <ModuleTime>2020-11-26T05:23:26Z</ModuleTime>
      <ModuleName>System.Threading.Thread</ModuleName>
      <Classes />
    </Module>
    <Module skippedDueTo="MissingPdb" hash="3E-99-1D-D9-E5-76-F9-C7-6D-AD-E4-DB-0B-00-A0-F5-AB-B8-AA-9A">
      <ModulePath>C:\Program Files\dotnet\sdk\5.0.101\Microsoft.DotNet.Configurer.dll</ModulePath>
      <ModuleTime>2020-12-02T04:51:26Z</ModuleTime>
      <ModuleName>Microsoft.DotNet.Configurer</ModuleName>
      <Classes />
    </Module>
    <Module skippedDueTo="MissingPdb" hash="A6-AD-FE-FD-85-77-D7-E3-A9-3A-35-FD-E8-B4-BA-D7-8F-D0-60-21">
      <ModulePath>C:\Program Files\dotnet\sdk\5.0.101\Microsoft.DotNet.Cli.CommandLine.dll</ModulePath>
      <ModuleTime>2020-12-02T04:51:24Z</ModuleTime>
      <ModuleName>Microsoft.DotNet.Cli.CommandLine</ModuleName>
      <Classes />
    </Module>
    <Module skippedDueTo="MissingPdb" hash="23-62-35-3A-7F-B6-9B-18-29-AD-08-E5-03-6E-32-00-67-7F-DC-7F">
      <ModulePath>C:\Program Files\dotnet\sdk\5.0.101\Microsoft.DotNet.InternalAbstractions.dll</ModulePath>
      <ModuleTime>2020-12-02T04:51:24Z</ModuleTime>
      <ModuleName>Microsoft.DotNet.InternalAbstractions</ModuleName>
      <Classes />
    </Module>
    <Module skippedDueTo="MissingPdb" hash="91-93-E6-A4-B3-80-5C-69-16-36-A2-70-9A-20-D8-93-A8-8C-0B-85">
      <ModulePath>C:\Program Files\dotnet\shared\Microsoft.NETCore.App\5.0.1\netstandard.dll</ModulePath>
      <ModuleTime>2020-11-26T05:23:04Z</ModuleTime>
      <ModuleName>netstandard</ModuleName>
      <Classes />
    </Module>
    <Module skippedDueTo="Filter" hash="8C-24-21-2C-83-C8-21-70-14-70-D5-BB-EE-B7-B7-AF-C2-6D-77-94">
      <ModulePath>C:\Program Files\dotnet\shared\Microsoft.NETCore.App\5.0.1\System.Linq.dll</ModulePath>
      <ModuleTime>2020-11-26T05:23:10Z</ModuleTime>
      <ModuleName>System.Linq</ModuleName>
      <Classes />
    </Module>
    <Module skippedDueTo="MissingPdb" hash="15-6E-FB-96-28-7A-E7-F6-2E-2D-2A-98-4A-41-60-B6-06-87-98-05">
      <ModulePath>C:\Program Files\dotnet\sdk\5.0.101\NuGet.Frameworks.dll</ModulePath>
      <ModuleTime>2020-12-02T04:50:46Z</ModuleTime>
      <ModuleName>NuGet.Frameworks</ModuleName>
      <Classes />
    </Module>
    <Module skippedDueTo="Filter" hash="32-37-51-CE-0E-37-4D-DC-D7-AA-46-FD-E0-C7-47-8D-52-CA-79-B5">
      <ModulePath>C:\Program Files\dotnet\shared\Microsoft.NETCore.App\5.0.1\System.Console.dll</ModulePath>
      <ModuleTime>2020-11-26T05:23:30Z</ModuleTime>
      <ModuleName>System.Console</ModuleName>
      <Classes />
    </Module>
    <Module skippedDueTo="Filter" hash="75-4F-E4-13-98-8D-96-14-98-33-4F-45-50-32-07-65-7E-61-3F-A3">
      <ModulePath>C:\Program Files\dotnet\shared\Microsoft.NETCore.App\5.0.1\System.Text.Encoding.Extensions.dll</ModulePath>
      <ModuleTime>2020-11-26T05:22:40Z</ModuleTime>
      <ModuleName>System.Text.Encoding.Extensions</ModuleName>
      <Classes />
    </Module>
    <Module skippedDueTo="Filter" hash="BD-A6-92-D1-ED-52-48-B3-CF-20-51-08-01-75-29-3C-38-40-F9-A5">
      <ModulePath>C:\Program Files\dotnet\shared\Microsoft.NETCore.App\5.0.1\System.Runtime.CompilerServices.Unsafe.dll</ModulePath>
      <ModuleTime>2020-11-26T05:23:22Z</ModuleTime>
      <ModuleName>System.Runtime.CompilerServices.Unsafe</ModuleName>
      <Classes />
    </Module>
    <Module skippedDueTo="MissingPdb" hash="EB-F1-43-93-AC-91-85-41-D3-55-41-72-57-9E-2A-A0-F6-A0-20-59">
      <ModulePath>C:\Program Files\dotnet\sdk\5.0.101\Microsoft.ApplicationInsights.dll</ModulePath>
      <ModuleTime>2020-12-02T04:51:22Z</ModuleTime>
      <ModuleName>Microsoft.ApplicationInsights</ModuleName>
      <Classes />
    </Module>
    <Module skippedDueTo="Filter" hash="4A-69-5E-AC-08-79-87-90-FC-09-D7-64-A3-91-97-34-30-02-0A-2D">
      <ModulePath>C:\Program Files\dotnet\shared\Microsoft.NETCore.App\5.0.1\System.Private.Uri.dll</ModulePath>
      <ModuleTime>2020-11-26T05:23:52Z</ModuleTime>
      <ModuleName>System.Private.Uri</ModuleName>
      <Classes />
    </Module>
    <Module skippedDueTo="Filter" hash="BB-D6-6D-22-01-D0-E0-82-9E-12-87-1F-83-21-8A-05-AC-57-11-37">
      <ModulePath>C:\Program Files\dotnet\shared\Microsoft.NETCore.App\5.0.1\System.Reflection.Extensions.dll</ModulePath>
      <ModuleTime>2020-11-26T05:22:38Z</ModuleTime>
      <ModuleName>System.Reflection.Extensions</ModuleName>
      <Classes />
    </Module>
    <Module skippedDueTo="Filter" hash="C3-E0-36-A0-84-F9-30-F6-E1-BA-FC-F8-18-3F-0D-0C-2E-87-E6-DD">
      <ModulePath>C:\Program Files\dotnet\shared\Microsoft.NETCore.App\5.0.1\System.Reflection.dll</ModulePath>
      <ModuleTime>2020-11-26T05:22:36Z</ModuleTime>
      <ModuleName>System.Reflection</ModuleName>
      <Classes />
    </Module>
    <Module skippedDueTo="Filter" hash="4B-29-4B-CF-A7-B0-3A-61-31-1F-70-E1-92-A3-5C-5E-35-1C-0E-64">
      <ModulePath>C:\Program Files\dotnet\shared\Microsoft.NETCore.App\5.0.1\System.Xml.XDocument.dll</ModulePath>
      <ModuleTime>2020-11-26T05:23:34Z</ModuleTime>
      <ModuleName>System.Xml.XDocument</ModuleName>
      <Classes />
    </Module>
    <Module skippedDueTo="Filter" hash="66-D6-34-02-FC-A1-86-87-39-74-2C-79-38-E9-94-7F-C9-FC-AF-7E">
      <ModulePath>C:\Program Files\dotnet\shared\Microsoft.NETCore.App\5.0.1\System.Private.Xml.Linq.dll</ModulePath>
      <ModuleTime>2020-11-26T05:25:10Z</ModuleTime>
      <ModuleName>System.Private.Xml.Linq</ModuleName>
      <Classes />
    </Module>
    <Module skippedDueTo="Filter" hash="F1-04-9B-64-B1-3E-7A-8A-88-58-C7-90-97-BD-7D-28-95-97-D6-81">
      <ModulePath>C:\Program Files\dotnet\shared\Microsoft.NETCore.App\5.0.1\System.Security.Cryptography.Algorithms.dll</ModulePath>
      <ModuleTime>2020-11-26T05:23:24Z</ModuleTime>
      <ModuleName>System.Security.Cryptography.Algorithms</ModuleName>
      <Classes />
    </Module>
    <Module skippedDueTo="Filter" hash="51-9A-D2-B4-1A-12-EE-FC-97-06-15-08-BB-0C-70-97-C6-78-DD-89">
      <ModulePath>C:\Program Files\dotnet\shared\Microsoft.NETCore.App\5.0.1\System.Security.Cryptography.Primitives.dll</ModulePath>
      <ModuleTime>2020-11-26T05:28:48Z</ModuleTime>
      <ModuleName>System.Security.Cryptography.Primitives</ModuleName>
      <Classes />
    </Module>
    <Module skippedDueTo="Filter" hash="D4-19-2C-16-7A-E6-04-B1-56-7B-07-BC-60-C1-CD-A0-C4-2E-01-F0">
      <ModulePath>C:\Program Files\dotnet\shared\Microsoft.NETCore.App\5.0.1\System.Private.Xml.dll</ModulePath>
      <ModuleTime>2020-11-26T05:23:22Z</ModuleTime>
      <ModuleName>System.Private.Xml</ModuleName>
      <Classes />
    </Module>
    <Module skippedDueTo="MissingPdb" hash="E7-21-29-4E-2E-3A-80-B2-7E-23-F4-C6-10-6C-BB-44-D5-49-0C-17">
      <ModulePath>C:\Program Files\dotnet\sdk\5.0.101\Microsoft.TemplateEngine.Cli.dll</ModulePath>
      <ModuleTime>2020-12-02T04:51:26Z</ModuleTime>
      <ModuleName>Microsoft.TemplateEngine.Cli</ModuleName>
      <Classes />
    </Module>
    <Module skippedDueTo="Filter" hash="88-0A-71-93-FB-FB-1B-A5-A0-8D-BC-76-FC-3D-74-FB-A4-05-B2-51">
      <ModulePath>C:\Program Files\dotnet\shared\Microsoft.NETCore.App\5.0.1\System.Runtime.Extensions.dll</ModulePath>
      <ModuleTime>2020-11-26T05:22:38Z</ModuleTime>
      <ModuleName>System.Runtime.Extensions</ModuleName>
      <Classes />
    </Module>
    <Module skippedDueTo="Filter" hash="4E-F7-1F-EB-4D-26-E0-6E-5E-29-D0-DE-7A-89-55-1B-B1-EB-58-BF">
      <ModulePath>C:\Program Files\dotnet\shared\Microsoft.NETCore.App\5.0.1\System.Xml.ReaderWriter.dll</ModulePath>
      <ModuleTime>2020-11-26T05:22:56Z</ModuleTime>
      <ModuleName>System.Xml.ReaderWriter</ModuleName>
      <Classes />
    </Module>
    <Module skippedDueTo="Filter" hash="5A-F1-4E-7B-0B-4F-CC-53-17-E4-FB-0C-33-94-ED-1B-AA-6D-9A-26">
      <ModulePath>C:\Program Files\dotnet\shared\Microsoft.NETCore.App\5.0.1\System.Diagnostics.Tracing.dll</ModulePath>
      <ModuleTime>2020-11-26T05:23:06Z</ModuleTime>
      <ModuleName>System.Diagnostics.Tracing</ModuleName>
      <Classes />
    </Module>
    <Module skippedDueTo="Filter" hash="06-53-29-DF-24-4C-8E-E6-8C-F1-1B-84-AF-D3-A1-BE-BD-F2-67-A9">
      <ModulePath>C:\Program Files\dotnet\shared\Microsoft.NETCore.App\5.0.1\System.Net.Http.dll</ModulePath>
      <ModuleTime>2020-11-26T05:23:10Z</ModuleTime>
      <ModuleName>System.Net.Http</ModuleName>
      <Classes />
    </Module>
    <Module skippedDueTo="Filter" hash="BF-8E-EB-92-9D-56-02-50-E2-2F-FD-BA-B3-D6-EB-76-85-A9-52-C5">
      <ModulePath>C:\Program Files\dotnet\shared\Microsoft.NETCore.App\5.0.1\System.Threading.Tasks.dll</ModulePath>
      <ModuleTime>2020-11-26T05:23:26Z</ModuleTime>
      <ModuleName>System.Threading.Tasks</ModuleName>
      <Classes />
    </Module>
    <Module skippedDueTo="Filter" hash="80-FC-A3-BD-68-EF-8B-E8-8C-C1-8C-E6-B5-5C-1E-F2-4B-8E-C8-1A">
      <ModulePath>C:\Program Files\dotnet\shared\Microsoft.NETCore.App\5.0.1\System.Globalization.dll</ModulePath>
      <ModuleTime>2020-11-26T05:22:42Z</ModuleTime>
      <ModuleName>System.Globalization</ModuleName>
      <Classes />
    </Module>
    <Module skippedDueTo="Filter" hash="44-DC-6B-27-C6-47-64-23-C0-9F-CD-73-31-B9-89-20-A5-D6-EC-5D">
      <ModulePath>C:\Program Files\dotnet\shared\Microsoft.NETCore.App\5.0.1\System.Text.RegularExpressions.dll</ModulePath>
      <ModuleTime>2020-11-26T05:23:26Z</ModuleTime>
      <ModuleName>System.Text.RegularExpressions</ModuleName>
      <Classes />
    </Module>
    <Module skippedDueTo="Filter" hash="64-C9-76-9D-29-99-E6-2D-B3-B1-3D-A1-DE-5D-72-BA-AA-36-7A-01">
      <ModulePath>C:\Program Files\dotnet\shared\Microsoft.NETCore.App\5.0.1\System.Reflection.Emit.ILGeneration.dll</ModulePath>
      <ModuleTime>2020-11-26T05:23:22Z</ModuleTime>
      <ModuleName>System.Reflection.Emit.ILGeneration</ModuleName>
      <Classes />
    </Module>
    <Module skippedDueTo="Filter" hash="39-E7-D5-B2-AA-66-0D-3B-79-2C-8F-58-B5-22-BA-BB-2F-CB-26-A8">
      <ModulePath>C:\Program Files\dotnet\shared\Microsoft.NETCore.App\5.0.1\System.Reflection.Emit.Lightweight.dll</ModulePath>
      <ModuleTime>2020-11-26T05:22:38Z</ModuleTime>
      <ModuleName>System.Reflection.Emit.Lightweight</ModuleName>
      <Classes />
    </Module>
    <Module skippedDueTo="Filter" hash="DD-D7-FF-29-32-7D-F2-50-36-E2-49-7A-64-52-50-45-B5-25-07-AB">
      <ModulePath>C:\Program Files\dotnet\shared\Microsoft.NETCore.App\5.0.1\System.Net.Primitives.dll</ModulePath>
      <ModuleTime>2020-11-26T05:23:10Z</ModuleTime>
      <ModuleName>System.Net.Primitives</ModuleName>
      <Classes />
    </Module>
    <Module skippedDueTo="Filter" hash="92-A2-7C-E0-61-87-8E-4E-AD-25-4E-BC-E7-6C-91-F4-F6-22-76-6B">
      <ModulePath>C:\Program Files\dotnet\shared\Microsoft.NETCore.App\5.0.1\System.Net.Security.dll</ModulePath>
      <ModuleTime>2020-11-26T05:23:10Z</ModuleTime>
      <ModuleName>System.Net.Security</ModuleName>
      <Classes />
    </Module>
    <Module skippedDueTo="Filter" hash="D0-A1-14-75-FE-AD-72-51-64-67-34-F4-32-83-BB-DA-6C-AE-41-85">
      <ModulePath>C:\Program Files\dotnet\shared\Microsoft.NETCore.App\5.0.1\System.Reflection.Primitives.dll</ModulePath>
      <ModuleTime>2020-11-26T05:23:22Z</ModuleTime>
      <ModuleName>System.Reflection.Primitives</ModuleName>
      <Classes />
    </Module>
    <Module skippedDueTo="Filter" hash="E4-7B-D5-D5-DF-6E-22-CE-A2-F0-36-F5-8B-49-BB-2A-04-B0-A8-43">
      <ModulePath>C:\Program Files\dotnet\shared\Microsoft.NETCore.App\5.0.1\System.Diagnostics.DiagnosticSource.dll</ModulePath>
      <ModuleTime>2020-11-26T05:23:08Z</ModuleTime>
      <ModuleName>System.Diagnostics.DiagnosticSource</ModuleName>
      <Classes />
    </Module>
    <Module skippedDueTo="Filter" hash="32-61-C3-24-6B-A1-5A-E3-F0-08-A6-54-D4-D5-39-8A-F2-D6-81-81">
      <ModulePath>C:\Program Files\dotnet\shared\Microsoft.NETCore.App\5.0.1\System.Security.Cryptography.X509Certificates.dll</ModulePath>
      <ModuleTime>2020-11-26T05:23:24Z</ModuleTime>
      <ModuleName>System.Security.Cryptography.X509Certificates</ModuleName>
      <Classes />
    </Module>
    <Module skippedDueTo="Filter" hash="1B-38-25-30-53-D0-AD-A9-10-72-0E-3B-89-2E-E5-E1-75-CC-8F-35">
      <ModulePath>C:\Program Files\dotnet\shared\Microsoft.NETCore.App\5.0.1\System.Net.Requests.dll</ModulePath>
      <ModuleTime>2020-11-26T05:23:10Z</ModuleTime>
      <ModuleName>System.Net.Requests</ModuleName>
      <Classes />
    </Module>
    <Module skippedDueTo="MissingPdb" hash="29-72-9B-A1-6F-4B-AA-67-FE-7B-FC-14-4A-EE-DD-25-27-39-B5-0A">
      <ModulePath>C:\Program Files\dotnet\shared\Microsoft.NETCore.App\5.0.1\Microsoft.Win32.Registry.dll</ModulePath>
      <ModuleTime>2020-11-26T05:23:04Z</ModuleTime>
      <ModuleName>Microsoft.Win32.Registry</ModuleName>
      <Classes />
    </Module>
    <Module skippedDueTo="Filter" hash="63-72-B7-0A-FD-AE-D7-D5-6C-CA-96-82-FB-38-2C-C5-94-A5-07-A9">
      <ModulePath>C:\Program Files\dotnet\shared\Microsoft.NETCore.App\5.0.1\System.Net.NetworkInformation.dll</ModulePath>
      <ModuleTime>2020-11-26T05:22:44Z</ModuleTime>
      <ModuleName>System.Net.NetworkInformation</ModuleName>
      <Classes />
    </Module>
    <Module skippedDueTo="MissingPdb" hash="A6-46-E2-1C-61-D2-48-F0-BA-7E-AE-76-D4-6C-74-D5-34-97-CA-1E">
      <ModulePath>C:\Program Files\dotnet\shared\Microsoft.NETCore.App\5.0.1\Microsoft.Win32.Primitives.dll</ModulePath>
      <ModuleTime>2020-11-26T05:22:38Z</ModuleTime>
      <ModuleName>Microsoft.Win32.Primitives</ModuleName>
      <Classes />
    </Module>
    <Module skippedDueTo="Filter" hash="22-92-CD-86-D6-53-58-01-C6-D8-B6-63-3A-6D-82-EA-C2-0A-B8-E4">
      <ModulePath>C:\Program Files\dotnet\shared\Microsoft.NETCore.App\5.0.1\System.Diagnostics.Tools.dll</ModulePath>
      <ModuleTime>2020-11-26T05:23:06Z</ModuleTime>
      <ModuleName>System.Diagnostics.Tools</ModuleName>
      <Classes />
    </Module>
    <Module skippedDueTo="MissingPdb" hash="E0-ED-40-80-C0-9F-E9-31-E6-C7-51-97-79-FC-A8-AD-D1-3E-A1-96">
      <ModulePath>C:\Program Files\dotnet\sdk\5.0.101\Microsoft.TemplateEngine.Utils.dll</ModulePath>
      <ModuleTime>2020-12-02T04:51:28Z</ModuleTime>
      <ModuleName>Microsoft.TemplateEngine.Utils</ModuleName>
      <Classes />
    </Module>
    <Module skippedDueTo="MissingPdb" hash="F5-CD-C0-D0-A0-F3-BF-84-98-A5-CA-5D-11-27-31-81-4F-7D-B9-85">
      <ModulePath>C:\Program Files\dotnet\sdk\5.0.101\pt-BR\dotnet.resources.dll</ModulePath>
      <ModuleTime>2020-12-02T04:51:22Z</ModuleTime>
      <ModuleName>dotnet.resources</ModuleName>
      <Classes />
    </Module>
    <Module skippedDueTo="Filter" hash="93-1C-2D-DB-EE-CB-2C-50-60-DC-2B-A2-F5-BA-46-0A-38-C9-1F-BC">
      <ModulePath>C:\Program Files\dotnet\shared\Microsoft.NETCore.App\5.0.1\System.Diagnostics.Debug.dll</ModulePath>
      <ModuleTime>2020-11-26T05:23:08Z</ModuleTime>
      <ModuleName>System.Diagnostics.Debug</ModuleName>
      <Classes />
    </Module>
    <Module skippedDueTo="Filter" hash="4D-28-23-7E-64-6D-9C-1A-AF-55-76-B7-18-DD-78-5B-84-24-CF-29">
      <ModulePath>C:\Program Files\dotnet\shared\Microsoft.NETCore.App\5.0.1\System.IO.dll</ModulePath>
      <ModuleTime>2020-11-26T05:22:42Z</ModuleTime>
      <ModuleName>System.IO</ModuleName>
      <Classes />
    </Module>
    <Module skippedDueTo="Filter" hash="5B-1E-05-43-38-8A-AF-28-41-52-47-B6-4D-CA-93-6A-F2-C8-E3-C5">
      <ModulePath>C:\Program Files\dotnet\shared\Microsoft.NETCore.App\5.0.1\System.Text.Encoding.dll</ModulePath>
      <ModuleTime>2020-11-26T05:22:40Z</ModuleTime>
      <ModuleName>System.Text.Encoding</ModuleName>
      <Classes />
    </Module>
    <Module skippedDueTo="Filter" hash="1D-09-88-33-8A-BD-A9-84-C6-61-64-5C-7D-F7-28-DE-CA-EF-1D-00">
      <ModulePath>C:\Program Files\dotnet\shared\Microsoft.NETCore.App\5.0.1\System.IO.Compression.dll</ModulePath>
      <ModuleTime>2020-11-26T05:23:30Z</ModuleTime>
      <ModuleName>System.IO.Compression</ModuleName>
      <Classes />
    </Module>
    <Module skippedDueTo="Filter" hash="72-C2-A9-67-09-8B-E2-59-B7-F2-90-6B-05-D2-CD-E7-1D-F8-52-EC">
      <ModulePath>C:\Program Files\dotnet\shared\Microsoft.NETCore.App\5.0.1\System.Collections.NonGeneric.dll</ModulePath>
      <ModuleTime>2020-11-26T05:23:06Z</ModuleTime>
      <ModuleName>System.Collections.NonGeneric</ModuleName>
      <Classes />
    </Module>
    <Module skippedDueTo="MissingPdb" hash="4F-75-0D-47-4A-21-D1-5B-52-A9-11-A8-3A-37-7A-28-D1-A7-9C-07">
      <ModulePath>C:\Program Files\dotnet\sdk\5.0.101\Microsoft.Build.Framework.dll</ModulePath>
      <ModuleTime>2020-12-02T04:51:20Z</ModuleTime>
      <ModuleName>Microsoft.Build.Framework</ModuleName>
      <Classes />
    </Module>
    <Module skippedDueTo="Filter" hash="B9-04-BB-1F-47-59-AE-55-36-7D-BD-CD-78-EC-CD-54-46-F1-29-01">
      <ModulePath>C:\Program Files\dotnet\shared\Microsoft.NETCore.App\5.0.1\System.Diagnostics.Process.dll</ModulePath>
      <ModuleTime>2020-11-26T05:22:40Z</ModuleTime>
      <ModuleName>System.Diagnostics.Process</ModuleName>
      <Classes />
    </Module>
    <Module skippedDueTo="Filter" hash="30-71-D6-A1-76-1A-E7-30-27-9C-C0-91-B0-21-96-E0-03-EC-EB-2E">
      <ModulePath>C:\Program Files\dotnet\shared\Microsoft.NETCore.App\5.0.1\System.ComponentModel.Primitives.dll</ModulePath>
      <ModuleTime>2020-11-26T05:23:06Z</ModuleTime>
      <ModuleName>System.ComponentModel.Primitives</ModuleName>
      <Classes />
    </Module>
    <Module skippedDueTo="Filter" hash="46-65-34-16-12-8A-82-8C-EF-83-15-67-D4-79-1E-80-90-82-6C-C1">
      <ModulePath>C:\Program Files\dotnet\shared\Microsoft.NETCore.App\5.0.1\System.Net.Sockets.dll</ModulePath>
      <ModuleTime>2020-11-26T05:23:22Z</ModuleTime>
      <ModuleName>System.Net.Sockets</ModuleName>
      <Classes />
    </Module>
    <Module skippedDueTo="Filter" hash="3A-AD-51-A6-B7-5F-D6-99-69-0F-FF-1C-37-BC-67-A1-0F-DE-91-FE">
      <ModulePath>C:\Program Files\dotnet\shared\Microsoft.NETCore.App\5.0.1\System.Net.NameResolution.dll</ModulePath>
      <ModuleTime>2020-11-26T05:22:44Z</ModuleTime>
      <ModuleName>System.Net.NameResolution</ModuleName>
      <Classes />
    </Module>
    <Module skippedDueTo="Filter" hash="75-42-DF-DC-36-23-09-29-3F-E9-7B-A8-A6-57-C3-96-A4-5B-2A-89">
      <ModulePath>C:\Program Files\dotnet\shared\Microsoft.NETCore.App\5.0.1\System.Threading.Overlapped.dll</ModulePath>
      <ModuleTime>2020-11-26T05:23:26Z</ModuleTime>
      <ModuleName>System.Threading.Overlapped</ModuleName>
      <Classes />
    </Module>
    <Module skippedDueTo="Filter" hash="AD-4B-4A-6B-C9-8C-9A-91-28-84-87-65-74-EA-21-14-60-64-FF-09">
      <ModulePath>C:\Program Files\dotnet\shared\Microsoft.NETCore.App\5.0.1\System.Threading.ThreadPool.dll</ModulePath>
      <ModuleTime>2020-11-26T05:22:42Z</ModuleTime>
      <ModuleName>System.Threading.ThreadPool</ModuleName>
      <Classes />
    </Module>
    <Module skippedDueTo="Filter" hash="AC-87-73-CC-0C-DD-DD-3B-39-5E-E1-56-58-CD-77-2E-D2-22-CF-DF">
      <ModulePath>C:\Program Files\dotnet\shared\Microsoft.NETCore.App\5.0.1\System.Security.Principal.Windows.dll</ModulePath>
      <ModuleTime>2020-11-26T05:23:26Z</ModuleTime>
      <ModuleName>System.Security.Principal.Windows</ModuleName>
      <Classes />
    </Module>
    <Module skippedDueTo="Filter" hash="EA-4B-4D-F2-39-DC-7D-EF-51-C0-BB-81-C6-E3-29-86-01-04-6A-A4">
      <ModulePath>C:\Program Files\dotnet\shared\Microsoft.NETCore.App\5.0.1\System.Security.Claims.dll</ModulePath>
      <ModuleTime>2020-11-26T05:22:40Z</ModuleTime>
      <ModuleName>System.Security.Claims</ModuleName>
      <Classes />
    </Module>
    <Module skippedDueTo="Filter" hash="9E-8A-E3-82-1B-DC-B9-5E-6E-B3-DB-A2-88-EF-8C-25-74-82-D4-FC">
      <ModulePath>C:\Program Files\dotnet\shared\Microsoft.NETCore.App\5.0.1\System.Private.CoreLib.dll</ModulePath>
      <ModuleTime>2020-11-26T05:19:10Z</ModuleTime>
      <ModuleName>System.Private.CoreLib</ModuleName>
      <Classes />
    </Module>
    <Module skippedDueTo="MissingPdb" hash="66-75-FA-E5-47-10-60-33-49-14-A3-A2-84-EA-CD-98-61-86-56-C9">
      <ModulePath>C:\Program Files\dotnet\sdk\5.0.101\MSBuild.dll</ModulePath>
      <ModuleTime>2020-12-02T04:50:50Z</ModuleTime>
      <ModuleName>MSBuild</ModuleName>
      <Classes />
    </Module>
    <Module skippedDueTo="Filter" hash="2C-27-F2-9A-19-38-D9-2E-A0-A6-75-F0-5B-49-8C-E5-CB-FA-EE-5D">
      <ModulePath>C:\Program Files\dotnet\shared\Microsoft.NETCore.App\5.0.1\System.Runtime.dll</ModulePath>
      <ModuleTime>2020-11-26T05:22:38Z</ModuleTime>
      <ModuleName>System.Runtime</ModuleName>
      <Classes />
    </Module>
    <Module skippedDueTo="Filter" hash="88-0A-71-93-FB-FB-1B-A5-A0-8D-BC-76-FC-3D-74-FB-A4-05-B2-51">
      <ModulePath>C:\Program Files\dotnet\shared\Microsoft.NETCore.App\5.0.1\System.Runtime.Extensions.dll</ModulePath>
      <ModuleTime>2020-11-26T05:22:38Z</ModuleTime>
      <ModuleName>System.Runtime.Extensions</ModuleName>
      <Classes />
    </Module>
    <Module skippedDueTo="Filter" hash="98-F3-6B-70-C7-F7-3C-86-E9-35-6E-24-62-E9-07-F7-4D-FB-46-37">
      <ModulePath>C:\Program Files\dotnet\shared\Microsoft.NETCore.App\5.0.1\System.Threading.dll</ModulePath>
      <ModuleTime>2020-11-26T05:22:40Z</ModuleTime>
      <ModuleName>System.Threading</ModuleName>
      <Classes />
    </Module>
    <Module skippedDueTo="Filter" hash="BF-8E-EB-92-9D-56-02-50-E2-2F-FD-BA-B3-D6-EB-76-85-A9-52-C5">
      <ModulePath>C:\Program Files\dotnet\shared\Microsoft.NETCore.App\5.0.1\System.Threading.Tasks.dll</ModulePath>
      <ModuleTime>2020-11-26T05:23:26Z</ModuleTime>
      <ModuleName>System.Threading.Tasks</ModuleName>
      <Classes />
    </Module>
    <Module skippedDueTo="MissingPdb" hash="4F-75-0D-47-4A-21-D1-5B-52-A9-11-A8-3A-37-7A-28-D1-A7-9C-07">
      <ModulePath>C:\Program Files\dotnet\sdk\5.0.101\Microsoft.Build.Framework.dll</ModulePath>
      <ModuleTime>2020-12-02T04:51:20Z</ModuleTime>
      <ModuleName>Microsoft.Build.Framework</ModuleName>
      <Classes />
    </Module>
    <Module skippedDueTo="MissingPdb" hash="91-93-E6-A4-B3-80-5C-69-16-36-A2-70-9A-20-D8-93-A8-8C-0B-85">
      <ModulePath>C:\Program Files\dotnet\shared\Microsoft.NETCore.App\5.0.1\netstandard.dll</ModulePath>
      <ModuleTime>2020-11-26T05:23:04Z</ModuleTime>
      <ModuleName>netstandard</ModuleName>
      <Classes />
    </Module>
    <Module skippedDueTo="Filter" hash="BA-F4-ED-D7-13-C8-55-40-22-7B-A8-6E-36-DD-E1-0C-CE-64-D4-2E">
      <ModulePath>C:\Program Files\dotnet\shared\Microsoft.NETCore.App\5.0.1\System.Runtime.InteropServices.RuntimeInformation.dll</ModulePath>
      <ModuleTime>2020-11-26T05:23:24Z</ModuleTime>
      <ModuleName>System.Runtime.InteropServices.RuntimeInformation</ModuleName>
      <Classes />
    </Module>
    <Module skippedDueTo="Filter" hash="8D-43-6A-A8-32-E9-32-FB-46-93-46-1D-E5-51-66-DA-5C-2F-BF-66">
      <ModulePath>C:\Program Files\dotnet\shared\Microsoft.NETCore.App\5.0.1\System.Security.Cryptography.Encoding.dll</ModulePath>
      <ModuleTime>2020-11-26T05:22:40Z</ModuleTime>
      <ModuleName>System.Security.Cryptography.Encoding</ModuleName>
      <Classes />
    </Module>
    <Module skippedDueTo="Filter" hash="B9-04-BB-1F-47-59-AE-55-36-7D-BD-CD-78-EC-CD-54-46-F1-29-01">
      <ModulePath>C:\Program Files\dotnet\shared\Microsoft.NETCore.App\5.0.1\System.Diagnostics.Process.dll</ModulePath>
      <ModuleTime>2020-11-26T05:22:40Z</ModuleTime>
      <ModuleName>System.Diagnostics.Process</ModuleName>
      <Classes />
    </Module>
    <Module skippedDueTo="Filter" hash="30-71-D6-A1-76-1A-E7-30-27-9C-C0-91-B0-21-96-E0-03-EC-EB-2E">
      <ModulePath>C:\Program Files\dotnet\shared\Microsoft.NETCore.App\5.0.1\System.ComponentModel.Primitives.dll</ModulePath>
      <ModuleTime>2020-11-26T05:23:06Z</ModuleTime>
      <ModuleName>System.ComponentModel.Primitives</ModuleName>
      <Classes />
    </Module>
    <Module skippedDueTo="Filter" hash="8C-24-21-2C-83-C8-21-70-14-70-D5-BB-EE-B7-B7-AF-C2-6D-77-94">
      <ModulePath>C:\Program Files\dotnet\shared\Microsoft.NETCore.App\5.0.1\System.Linq.dll</ModulePath>
      <ModuleTime>2020-11-26T05:23:10Z</ModuleTime>
      <ModuleName>System.Linq</ModuleName>
      <Classes />
    </Module>
    <Module skippedDueTo="Filter" hash="44-DC-6B-27-C6-47-64-23-C0-9F-CD-73-31-B9-89-20-A5-D6-EC-5D">
      <ModulePath>C:\Program Files\dotnet\shared\Microsoft.NETCore.App\5.0.1\System.Text.RegularExpressions.dll</ModulePath>
      <ModuleTime>2020-11-26T05:23:26Z</ModuleTime>
      <ModuleName>System.Text.RegularExpressions</ModuleName>
      <Classes />
    </Module>
    <Module skippedDueTo="Filter" hash="C5-4E-0B-D5-3C-85-C7-AB-12-CB-9C-34-80-EF-51-87-86-38-25-BD">
      <ModulePath>C:\Program Files\dotnet\shared\Microsoft.NETCore.App\5.0.1\System.Collections.Concurrent.dll</ModulePath>
      <ModuleTime>2020-11-26T05:23:04Z</ModuleTime>
      <ModuleName>System.Collections.Concurrent</ModuleName>
      <Classes />
    </Module>
    <Module skippedDueTo="Filter" hash="24-5D-A5-72-4B-33-83-A9-79-8D-1B-E4-99-E0-73-AC-22-ED-61-AE">
      <ModulePath>C:\Program Files\dotnet\shared\Microsoft.NETCore.App\5.0.1\System.Collections.dll</ModulePath>
      <ModuleTime>2020-11-26T05:23:30Z</ModuleTime>
      <ModuleName>System.Collections</ModuleName>
      <Classes />
    </Module>
    <Module skippedDueTo="Filter" hash="CC-1E-3F-5D-55-55-4D-9F-E5-9B-55-4B-E6-35-5C-A0-C8-97-3B-22">
      <ModulePath>C:\Program Files\dotnet\shared\Microsoft.NETCore.App\5.0.1\System.Memory.dll</ModulePath>
      <ModuleTime>2020-11-26T05:24:08Z</ModuleTime>
      <ModuleName>System.Memory</ModuleName>
      <Classes />
    </Module>
    <Module skippedDueTo="Filter" hash="EF-75-C6-B7-D8-E4-F9-36-A6-E5-11-A8-9B-87-B4-B2-20-76-2F-E1">
      <ModulePath>C:\Program Files\dotnet\shared\Microsoft.NETCore.App\5.0.1\System.IO.FileSystem.dll</ModulePath>
      <ModuleTime>2020-11-26T05:23:08Z</ModuleTime>
      <ModuleName>System.IO.FileSystem</ModuleName>
      <Classes />
    </Module>
    <Module skippedDueTo="Filter" hash="38-CE-15-CF-27-7A-FC-59-85-86-C7-94-CD-07-2F-85-73-24-05-29">
      <ModulePath>C:\Program Files\dotnet\shared\Microsoft.NETCore.App\5.0.1\System.Runtime.InteropServices.dll</ModulePath>
      <ModuleTime>2020-11-26T05:22:38Z</ModuleTime>
      <ModuleName>System.Runtime.InteropServices</ModuleName>
      <Classes />
    </Module>
    <Module skippedDueTo="Filter" hash="32-37-51-CE-0E-37-4D-DC-D7-AA-46-FD-E0-C7-47-8D-52-CA-79-B5">
      <ModulePath>C:\Program Files\dotnet\shared\Microsoft.NETCore.App\5.0.1\System.Console.dll</ModulePath>
      <ModuleTime>2020-11-26T05:23:30Z</ModuleTime>
      <ModuleName>System.Console</ModuleName>
      <Classes />
    </Module>
    <Module skippedDueTo="MissingPdb" hash="F1-F2-57-CB-4E-4E-85-4A-40-EA-2F-34-B1-E5-77-AF-ED-91-72-5C">
      <ModulePath>C:\Program Files\dotnet\sdk\5.0.101\Microsoft.Build.dll</ModulePath>
      <ModuleTime>2020-12-02T04:51:22Z</ModuleTime>
      <ModuleName>Microsoft.Build</ModuleName>
      <Classes />
    </Module>
    <Module skippedDueTo="Filter" hash="93-1C-2D-DB-EE-CB-2C-50-60-DC-2B-A2-F5-BA-46-0A-38-C9-1F-BC">
      <ModulePath>C:\Program Files\dotnet\shared\Microsoft.NETCore.App\5.0.1\System.Diagnostics.Debug.dll</ModulePath>
      <ModuleTime>2020-11-26T05:23:08Z</ModuleTime>
      <ModuleName>System.Diagnostics.Debug</ModuleName>
      <Classes />
    </Module>
    <Module skippedDueTo="Filter" hash="5A-F1-4E-7B-0B-4F-CC-53-17-E4-FB-0C-33-94-ED-1B-AA-6D-9A-26">
      <ModulePath>C:\Program Files\dotnet\shared\Microsoft.NETCore.App\5.0.1\System.Diagnostics.Tracing.dll</ModulePath>
      <ModuleTime>2020-11-26T05:23:06Z</ModuleTime>
      <ModuleName>System.Diagnostics.Tracing</ModuleName>
      <Classes />
    </Module>
    <Module skippedDueTo="MissingPdb" hash="A6-46-E2-1C-61-D2-48-F0-BA-7E-AE-76-D4-6C-74-D5-34-97-CA-1E">
      <ModulePath>C:\Program Files\dotnet\shared\Microsoft.NETCore.App\5.0.1\Microsoft.Win32.Primitives.dll</ModulePath>
      <ModuleTime>2020-11-26T05:22:38Z</ModuleTime>
      <ModuleName>Microsoft.Win32.Primitives</ModuleName>
      <Classes />
    </Module>
    <Module skippedDueTo="Filter" hash="CB-81-6B-86-6D-D6-EB-F8-13-08-10-2C-9C-43-A5-81-6E-46-6A-22">
      <ModulePath>C:\Program Files\dotnet\shared\Microsoft.NETCore.App\5.0.1\System.Text.Encoding.CodePages.dll</ModulePath>
      <ModuleTime>2020-11-26T05:23:24Z</ModuleTime>
      <ModuleName>System.Text.Encoding.CodePages</ModuleName>
      <Classes />
    </Module>
    <Module skippedDueTo="Filter" hash="B0-4D-D5-E8-70-6D-7B-2B-FB-7E-E8-23-59-47-98-3A-DA-F8-17-AF">
      <ModulePath>C:\Program Files\dotnet\shared\Microsoft.NETCore.App\5.0.1\System.Runtime.Loader.dll</ModulePath>
      <ModuleTime>2020-11-26T05:22:38Z</ModuleTime>
      <ModuleName>System.Runtime.Loader</ModuleName>
      <Classes />
    </Module>
    <Module skippedDueTo="MissingPdb" hash="D6-8B-D5-04-BB-42-04-4D-5B-32-EC-42-AE-E0-D7-D7-E9-3C-24-0B">
      <ModulePath>C:\Program Files\dotnet\sdk\5.0.101\dotnet.dll</ModulePath>
      <ModuleTime>2020-12-02T04:51:20Z</ModuleTime>
      <ModuleName>dotnet</ModuleName>
      <Classes />
    </Module>
    <Module skippedDueTo="Filter" hash="69-D2-17-1E-15-D0-3A-2E-06-51-96-E1-38-99-0E-19-DB-D0-99-86">
      <ModulePath>C:\Program Files\dotnet\shared\Microsoft.NETCore.App\5.0.1\System.Collections.Immutable.dll</ModulePath>
      <ModuleTime>2020-11-26T05:22:38Z</ModuleTime>
      <ModuleName>System.Collections.Immutable</ModuleName>
      <Classes />
    </Module>
    <Module skippedDueTo="MissingPdb" hash="3E-99-1D-D9-E5-76-F9-C7-6D-AD-E4-DB-0B-00-A0-F5-AB-B8-AA-9A">
      <ModulePath>C:\Program Files\dotnet\sdk\5.0.101\Microsoft.DotNet.Configurer.dll</ModulePath>
      <ModuleTime>2020-12-02T04:51:26Z</ModuleTime>
      <ModuleName>Microsoft.DotNet.Configurer</ModuleName>
      <Classes />
    </Module>
    <Module skippedDueTo="MissingPdb" hash="23-62-35-3A-7F-B6-9B-18-29-AD-08-E5-03-6E-32-00-67-7F-DC-7F">
      <ModulePath>C:\Program Files\dotnet\sdk\5.0.101\Microsoft.DotNet.InternalAbstractions.dll</ModulePath>
      <ModuleTime>2020-12-02T04:51:24Z</ModuleTime>
      <ModuleName>Microsoft.DotNet.InternalAbstractions</ModuleName>
      <Classes />
    </Module>
    <Module skippedDueTo="MissingPdb" hash="1D-29-1D-09-07-54-12-D6-0E-C5-87-06-A4-C2-14-E2-2D-B9-E4-EE">
      <ModulePath>C:\Program Files\dotnet\sdk\5.0.101\Microsoft.DotNet.Cli.Utils.dll</ModulePath>
      <ModuleTime>2020-12-02T04:51:24Z</ModuleTime>
      <ModuleName>Microsoft.DotNet.Cli.Utils</ModuleName>
      <Classes />
    </Module>
    <Module skippedDueTo="Filter" hash="75-4F-E4-13-98-8D-96-14-98-33-4F-45-50-32-07-65-7E-61-3F-A3">
      <ModulePath>C:\Program Files\dotnet\shared\Microsoft.NETCore.App\5.0.1\System.Text.Encoding.Extensions.dll</ModulePath>
      <ModuleTime>2020-11-26T05:22:40Z</ModuleTime>
      <ModuleName>System.Text.Encoding.Extensions</ModuleName>
      <Classes />
    </Module>
    <Module skippedDueTo="MissingPdb" hash="EB-F1-43-93-AC-91-85-41-D3-55-41-72-57-9E-2A-A0-F6-A0-20-59">
      <ModulePath>C:\Program Files\dotnet\sdk\5.0.101\Microsoft.ApplicationInsights.dll</ModulePath>
      <ModuleTime>2020-12-02T04:51:22Z</ModuleTime>
      <ModuleName>Microsoft.ApplicationInsights</ModuleName>
      <Classes />
    </Module>
    <Module skippedDueTo="Filter" hash="BD-A6-92-D1-ED-52-48-B3-CF-20-51-08-01-75-29-3C-38-40-F9-A5">
      <ModulePath>C:\Program Files\dotnet\shared\Microsoft.NETCore.App\5.0.1\System.Runtime.CompilerServices.Unsafe.dll</ModulePath>
      <ModuleTime>2020-11-26T05:23:22Z</ModuleTime>
      <ModuleName>System.Runtime.CompilerServices.Unsafe</ModuleName>
      <Classes />
    </Module>
    <Module skippedDueTo="Filter" hash="4A-69-5E-AC-08-79-87-90-FC-09-D7-64-A3-91-97-34-30-02-0A-2D">
      <ModulePath>C:\Program Files\dotnet\shared\Microsoft.NETCore.App\5.0.1\System.Private.Uri.dll</ModulePath>
      <ModuleTime>2020-11-26T05:23:52Z</ModuleTime>
      <ModuleName>System.Private.Uri</ModuleName>
      <Classes />
    </Module>
    <Module skippedDueTo="Filter" hash="BB-D6-6D-22-01-D0-E0-82-9E-12-87-1F-83-21-8A-05-AC-57-11-37">
      <ModulePath>C:\Program Files\dotnet\shared\Microsoft.NETCore.App\5.0.1\System.Reflection.Extensions.dll</ModulePath>
      <ModuleTime>2020-11-26T05:22:38Z</ModuleTime>
      <ModuleName>System.Reflection.Extensions</ModuleName>
      <Classes />
    </Module>
    <Module skippedDueTo="Filter" hash="C3-E0-36-A0-84-F9-30-F6-E1-BA-FC-F8-18-3F-0D-0C-2E-87-E6-DD">
      <ModulePath>C:\Program Files\dotnet\shared\Microsoft.NETCore.App\5.0.1\System.Reflection.dll</ModulePath>
      <ModuleTime>2020-11-26T05:22:36Z</ModuleTime>
      <ModuleName>System.Reflection</ModuleName>
      <Classes />
    </Module>
    <Module skippedDueTo="Filter" hash="4B-29-4B-CF-A7-B0-3A-61-31-1F-70-E1-92-A3-5C-5E-35-1C-0E-64">
      <ModulePath>C:\Program Files\dotnet\shared\Microsoft.NETCore.App\5.0.1\System.Xml.XDocument.dll</ModulePath>
      <ModuleTime>2020-11-26T05:23:34Z</ModuleTime>
      <ModuleName>System.Xml.XDocument</ModuleName>
      <Classes />
    </Module>
    <Module skippedDueTo="Filter" hash="66-D6-34-02-FC-A1-86-87-39-74-2C-79-38-E9-94-7F-C9-FC-AF-7E">
      <ModulePath>C:\Program Files\dotnet\shared\Microsoft.NETCore.App\5.0.1\System.Private.Xml.Linq.dll</ModulePath>
      <ModuleTime>2020-11-26T05:25:10Z</ModuleTime>
      <ModuleName>System.Private.Xml.Linq</ModuleName>
      <Classes />
    </Module>
    <Module skippedDueTo="Filter" hash="17-AA-F2-B7-5D-DC-63-65-32-5B-7B-20-82-36-48-12-EA-CE-34-13">
      <ModulePath>C:\Program Files\dotnet\shared\Microsoft.NETCore.App\5.0.1\System.Threading.Thread.dll</ModulePath>
      <ModuleTime>2020-11-26T05:23:26Z</ModuleTime>
      <ModuleName>System.Threading.Thread</ModuleName>
      <Classes />
    </Module>
    <Module skippedDueTo="Filter" hash="D4-19-2C-16-7A-E6-04-B1-56-7B-07-BC-60-C1-CD-A0-C4-2E-01-F0">
      <ModulePath>C:\Program Files\dotnet\shared\Microsoft.NETCore.App\5.0.1\System.Private.Xml.dll</ModulePath>
      <ModuleTime>2020-11-26T05:23:22Z</ModuleTime>
      <ModuleName>System.Private.Xml</ModuleName>
      <Classes />
    </Module>
    <Module skippedDueTo="Filter" hash="4E-F7-1F-EB-4D-26-E0-6E-5E-29-D0-DE-7A-89-55-1B-B1-EB-58-BF">
      <ModulePath>C:\Program Files\dotnet\shared\Microsoft.NETCore.App\5.0.1\System.Xml.ReaderWriter.dll</ModulePath>
      <ModuleTime>2020-11-26T05:22:56Z</ModuleTime>
      <ModuleName>System.Xml.ReaderWriter</ModuleName>
      <Classes />
    </Module>
    <Module skippedDueTo="Filter" hash="80-FC-A3-BD-68-EF-8B-E8-8C-C1-8C-E6-B5-5C-1E-F2-4B-8E-C8-1A">
      <ModulePath>C:\Program Files\dotnet\shared\Microsoft.NETCore.App\5.0.1\System.Globalization.dll</ModulePath>
      <ModuleTime>2020-11-26T05:22:42Z</ModuleTime>
      <ModuleName>System.Globalization</ModuleName>
      <Classes />
    </Module>
    <Module skippedDueTo="Filter" hash="72-C2-A9-67-09-8B-E2-59-B7-F2-90-6B-05-D2-CD-E7-1D-F8-52-EC">
      <ModulePath>C:\Program Files\dotnet\shared\Microsoft.NETCore.App\5.0.1\System.Collections.NonGeneric.dll</ModulePath>
      <ModuleTime>2020-11-26T05:23:06Z</ModuleTime>
      <ModuleName>System.Collections.NonGeneric</ModuleName>
      <Classes />
    </Module>
    <Module skippedDueTo="Filter" hash="F9-FC-2F-83-A3-7D-CC-37-EF-88-E0-12-1F-49-3C-D6-BE-41-AB-54">
      <ModulePath>C:\Program Files\dotnet\shared\Microsoft.NETCore.App\5.0.1\System.Resources.ResourceManager.dll</ModulePath>
      <ModuleTime>2020-11-26T05:22:38Z</ModuleTime>
      <ModuleName>System.Resources.ResourceManager</ModuleName>
      <Classes />
    </Module>
    <Module skippedDueTo="MissingPdb" hash="83-45-C9-B9-9D-9C-CF-37-73-F4-81-C1-1B-5A-C6-D2-38-0A-F8-D1">
      <ModulePath>C:\Program Files\dotnet\sdk\5.0.101\pt-BR\MSBuild.resources.dll</ModulePath>
      <ModuleTime>2020-10-20T23:39:50Z</ModuleTime>
      <ModuleName>MSBuild.resources</ModuleName>
      <Classes />
    </Module>
    <Module skippedDueTo="Filter" hash="F1-04-9B-64-B1-3E-7A-8A-88-58-C7-90-97-BD-7D-28-95-97-D6-81">
      <ModulePath>C:\Program Files\dotnet\shared\Microsoft.NETCore.App\5.0.1\System.Security.Cryptography.Algorithms.dll</ModulePath>
      <ModuleTime>2020-11-26T05:23:24Z</ModuleTime>
      <ModuleName>System.Security.Cryptography.Algorithms</ModuleName>
      <Classes />
    </Module>
    <Module skippedDueTo="Filter" hash="51-9A-D2-B4-1A-12-EE-FC-97-06-15-08-BB-0C-70-97-C6-78-DD-89">
      <ModulePath>C:\Program Files\dotnet\shared\Microsoft.NETCore.App\5.0.1\System.Security.Cryptography.Primitives.dll</ModulePath>
      <ModuleTime>2020-11-26T05:28:48Z</ModuleTime>
      <ModuleName>System.Security.Cryptography.Primitives</ModuleName>
      <Classes />
    </Module>
    <Module skippedDueTo="Filter" hash="3A-84-7F-46-58-21-AE-68-2B-B5-9A-55-DE-BF-48-68-0F-09-F3-14">
      <ModulePath>C:\Program Files\dotnet\shared\Microsoft.NETCore.App\5.0.1\System.Threading.Tasks.Dataflow.dll</ModulePath>
      <ModuleTime>2020-11-26T05:23:50Z</ModuleTime>
      <ModuleName>System.Threading.Tasks.Dataflow</ModuleName>
      <Classes />
    </Module>
    <Module skippedDueTo="MissingPdb" hash="29-72-9B-A1-6F-4B-AA-67-FE-7B-FC-14-4A-EE-DD-25-27-39-B5-0A">
      <ModulePath>C:\Program Files\dotnet\shared\Microsoft.NETCore.App\5.0.1\Microsoft.Win32.Registry.dll</ModulePath>
      <ModuleTime>2020-11-26T05:23:04Z</ModuleTime>
      <ModuleName>Microsoft.Win32.Registry</ModuleName>
      <Classes />
    </Module>
    <Module skippedDueTo="MissingPdb" hash="B1-1A-2D-44-BE-D5-59-0D-92-DD-13-1F-F2-53-B5-8E-D3-A1-F2-63">
      <ModulePath>C:\Program Files\dotnet\sdk\5.0.101\pt-BR\Microsoft.Build.resources.dll</ModulePath>
      <ModuleTime>2020-10-20T23:39:36Z</ModuleTime>
      <ModuleName>Microsoft.Build.resources</ModuleName>
      <Classes />
    </Module>
    <Module skippedDueTo="Filter" hash="6B-A8-9A-7A-EC-3B-16-3D-9A-91-D2-01-C2-C4-59-F1-AC-4A-83-4E">
      <ModulePath>C:\Program Files\dotnet\shared\Microsoft.NETCore.App\5.0.1\System.ObjectModel.dll</ModulePath>
      <ModuleTime>2020-11-26T05:22:38Z</ModuleTime>
      <ModuleName>System.ObjectModel</ModuleName>
      <Classes />
    </Module>
    <Module skippedDueTo="Filter" hash="77-38-31-02-33-0D-B4-51-55-BD-0D-6D-3C-AD-0E-35-7C-CF-A8-2E">
      <ModulePath>C:\Program Files\dotnet\shared\Microsoft.NETCore.App\5.0.1\System.Diagnostics.TraceSource.dll</ModulePath>
      <ModuleTime>2020-11-26T05:23:06Z</ModuleTime>
      <ModuleName>System.Diagnostics.TraceSource</ModuleName>
      <Classes />
    </Module>
    <Module skippedDueTo="MissingPdb" hash="C3-FE-FF-30-12-AF-E9-78-BF-ED-61-7A-D6-D2-E5-02-51-18-B5-1A">
      <ModulePath>C:\Program Files\dotnet\sdk\5.0.101\Microsoft.Build.NuGetSdkResolver.dll</ModulePath>
      <ModuleTime>2020-12-02T04:51:20Z</ModuleTime>
      <ModuleName>Microsoft.Build.NuGetSdkResolver</ModuleName>
      <Classes />
    </Module>
    <Module skippedDueTo="MissingPdb" hash="61-A5-B3-B5-45-89-9B-89-7C-3D-52-CA-88-12-85-44-E6-37-BD-34">
      <ModulePath>C:\Program Files\dotnet\sdk\5.0.101\Microsoft.NET.Sdk.WorkloadMSBuildSdkResolver.dll</ModulePath>
      <ModuleTime>2020-12-02T04:51:28Z</ModuleTime>
      <ModuleName>Microsoft.NET.Sdk.WorkloadMSBuildSdkResolver</ModuleName>
      <Classes />
    </Module>
    <Module skippedDueTo="Filter" hash="E2-EA-08-38-2E-4C-BF-36-AA-C9-11-51-54-6A-B1-48-B0-A5-FD-83">
      <ModulePath>C:\Program Files\dotnet\shared\Microsoft.NETCore.App\5.0.1\System.Diagnostics.FileVersionInfo.dll</ModulePath>
      <ModuleTime>2020-11-26T05:23:06Z</ModuleTime>
      <ModuleName>System.Diagnostics.FileVersionInfo</ModuleName>
      <Classes />
    </Module>
    <Module skippedDueTo="MissingPdb" hash="D4-C1-71-04-6C-CC-AF-94-D4-EB-70-19-1A-D2-55-F2-02-EB-3B-02">
      <ModulePath>C:\Program Files\dotnet\sdk\5.0.101\Microsoft.NET.Sdk.WorkloadManifestReader.dll</ModulePath>
      <ModuleTime>2020-12-02T04:51:26Z</ModuleTime>
      <ModuleName>Microsoft.NET.Sdk.WorkloadManifestReader</ModuleName>
      <Classes />
    </Module>
    <Module skippedDueTo="Filter" hash="66-67-E0-3D-34-24-8F-16-2F-B1-DF-EB-91-FC-64-97-99-1D-5D-5C">
      <ModulePath>C:\Program Files\dotnet\shared\Microsoft.NETCore.App\5.0.1\System.Threading.Tasks.Parallel.dll</ModulePath>
      <ModuleTime>2020-11-26T05:23:26Z</ModuleTime>
      <ModuleName>System.Threading.Tasks.Parallel</ModuleName>
      <Classes />
    </Module>
    <Module skippedDueTo="MissingPdb" hash="15-6E-FB-96-28-7A-E7-F6-2E-2D-2A-98-4A-41-60-B6-06-87-98-05">
      <ModulePath>C:\Program Files\dotnet\sdk\5.0.101\NuGet.Frameworks.dll</ModulePath>
      <ModuleTime>2020-12-02T04:50:46Z</ModuleTime>
      <ModuleName>NuGet.Frameworks</ModuleName>
      <Classes />
    </Module>
    <Module skippedDueTo="Filter" hash="1F-E3-2A-42-E7-D1-BC-57-F0-B8-90-68-C5-9B-9F-FD-60-6A-05-84">
      <ModulePath>C:\Program Files\dotnet\shared\Microsoft.NETCore.App\5.0.1\System.ComponentModel.dll</ModulePath>
      <ModuleTime>2020-11-26T05:23:04Z</ModuleTime>
      <ModuleName>System.ComponentModel</ModuleName>
      <Classes />
    </Module>
    <Module skippedDueTo="MissingPdb" hash="1B-60-E5-76-33-D8-DB-F7-A5-A1-76-AB-F0-39-04-4D-B2-CE-B2-C3">
      <ModulePath>C:\Program Files\dotnet\sdk\5.0.101\Microsoft.Build.Utilities.Core.dll</ModulePath>
      <ModuleTime>2020-12-02T04:51:24Z</ModuleTime>
      <ModuleName>Microsoft.Build.Utilities.Core</ModuleName>
      <Classes />
    </Module>
    <Module skippedDueTo="Filter" hash="64-C9-76-9D-29-99-E6-2D-B3-B1-3D-A1-DE-5D-72-BA-AA-36-7A-01">
      <ModulePath>C:\Program Files\dotnet\shared\Microsoft.NETCore.App\5.0.1\System.Reflection.Emit.ILGeneration.dll</ModulePath>
      <ModuleTime>2020-11-26T05:23:22Z</ModuleTime>
      <ModuleName>System.Reflection.Emit.ILGeneration</ModuleName>
      <Classes />
    </Module>
    <Module skippedDueTo="Filter" hash="39-E7-D5-B2-AA-66-0D-3B-79-2C-8F-58-B5-22-BA-BB-2F-CB-26-A8">
      <ModulePath>C:\Program Files\dotnet\shared\Microsoft.NETCore.App\5.0.1\System.Reflection.Emit.Lightweight.dll</ModulePath>
      <ModuleTime>2020-11-26T05:22:38Z</ModuleTime>
      <ModuleName>System.Reflection.Emit.Lightweight</ModuleName>
      <Classes />
    </Module>
    <Module skippedDueTo="Filter" hash="D0-A1-14-75-FE-AD-72-51-64-67-34-F4-32-83-BB-DA-6C-AE-41-85">
      <ModulePath>C:\Program Files\dotnet\shared\Microsoft.NETCore.App\5.0.1\System.Reflection.Primitives.dll</ModulePath>
      <ModuleTime>2020-11-26T05:23:22Z</ModuleTime>
      <ModuleName>System.Reflection.Primitives</ModuleName>
      <Classes />
    </Module>
    <Module skippedDueTo="MissingPdb" hash="F9-01-83-CC-B0-96-82-76-BF-77-A1-22-3C-D1-45-B1-92-B7-C0-0F">
      <ModulePath>C:\Program Files\dotnet\sdk\5.0.101\Microsoft.Build.Tasks.Core.dll</ModulePath>
      <ModuleTime>2020-12-02T04:51:24Z</ModuleTime>
      <ModuleName>Microsoft.Build.Tasks.Core</ModuleName>
      <Classes />
    </Module>
    <Module skippedDueTo="Filter" hash="AD-4B-4A-6B-C9-8C-9A-91-28-84-87-65-74-EA-21-14-60-64-FF-09">
      <ModulePath>C:\Program Files\dotnet\shared\Microsoft.NETCore.App\5.0.1\System.Threading.ThreadPool.dll</ModulePath>
      <ModuleTime>2020-11-26T05:22:42Z</ModuleTime>
      <ModuleName>System.Threading.ThreadPool</ModuleName>
      <Classes />
    </Module>
    <Module skippedDueTo="MissingPdb" hash="D8-F0-1D-E9-31-78-DE-44-58-5B-4A-1D-DE-F8-1E-1F-73-15-28-DD">
      <ModulePath>C:\Program Files\dotnet\sdk\5.0.101\NuGet.Build.Tasks.dll</ModulePath>
      <ModuleTime>2020-12-02T04:50:42Z</ModuleTime>
      <ModuleName>NuGet.Build.Tasks</ModuleName>
      <Classes />
    </Module>
    <Module skippedDueTo="MissingPdb" hash="0F-28-43-21-FA-D2-4C-82-C1-48-A0-69-03-CD-AF-06-A6-97-0D-CB">
      <ModulePath>C:\Program Files\dotnet\sdk\5.0.101\NuGet.Common.dll</ModulePath>
      <ModuleTime>2020-12-02T04:50:46Z</ModuleTime>
      <ModuleName>NuGet.Common</ModuleName>
      <Classes />
    </Module>
    <Module skippedDueTo="MissingPdb" hash="43-6B-AA-A9-51-BC-5B-F5-F9-5A-5B-28-54-6E-F9-CF-1E-F5-17-6B">
      <ModulePath>C:\Program Files\dotnet\sdk\5.0.101\NuGet.Commands.dll</ModulePath>
      <ModuleTime>2020-12-02T04:50:44Z</ModuleTime>
      <ModuleName>NuGet.Commands</ModuleName>
      <Classes />
    </Module>
    <Module skippedDueTo="MissingPdb" hash="3C-27-29-AC-12-46-64-3E-1B-E4-2F-42-08-25-FC-A0-7D-46-60-86">
      <ModulePath>C:\Program Files\dotnet\sdk\5.0.101\NuGet.ProjectModel.dll</ModulePath>
      <ModuleTime>2020-12-02T04:50:50Z</ModuleTime>
      <ModuleName>NuGet.ProjectModel</ModuleName>
      <Classes />
    </Module>
    <Module skippedDueTo="MissingPdb" hash="3F-E3-46-DB-21-87-3E-75-33-9B-45-53-94-0A-E7-24-36-DF-5D-EB">
      <ModulePath>C:\Program Files\dotnet\sdk\5.0.101\pt-BR\NuGet.Build.Tasks.resources.dll</ModulePath>
      <ModuleTime>2020-10-24T07:30:58Z</ModuleTime>
      <ModuleName>NuGet.Build.Tasks.resources</ModuleName>
      <Classes />
    </Module>
    <Module skippedDueTo="MissingPdb" hash="B4-6C-6A-65-BF-9C-19-62-7A-34-AB-DA-88-FB-A5-B2-9B-4D-A9-67">
      <ModulePath>C:\Program Files\dotnet\sdk\5.0.101\Sdks\Microsoft.NET.Sdk\tools\net5.0\Microsoft.NET.Build.Tasks.dll</ModulePath>
      <ModuleTime>2020-12-02T04:52:28Z</ModuleTime>
      <ModuleName>Microsoft.NET.Build.Tasks</ModuleName>
      <Classes />
    </Module>
    <Module skippedDueTo="MissingPdb" hash="15-6E-FB-96-28-7A-E7-F6-2E-2D-2A-98-4A-41-60-B6-06-87-98-05">
      <ModulePath>C:\Program Files\dotnet\sdk\5.0.101\NuGet.Frameworks.dll</ModulePath>
      <ModuleTime>2020-12-02T04:50:46Z</ModuleTime>
      <ModuleName>NuGet.Frameworks</ModuleName>
      <Classes />
    </Module>
    <Module skippedDueTo="MissingPdb" hash="2B-B1-B5-83-FC-EA-02-FE-8A-D8-EC-22-DE-21-B9-D8-70-25-CE-F0">
      <ModulePath>C:\Program Files\dotnet\sdk\5.0.101\NuGet.Packaging.dll</ModulePath>
      <ModuleTime>2020-12-02T04:50:48Z</ModuleTime>
      <ModuleName>NuGet.Packaging</ModuleName>
      <Classes />
    </Module>
    <Module skippedDueTo="MissingPdb" hash="26-90-63-7B-C6-D6-BF-44-10-EB-12-7F-18-6E-67-A5-D1-9D-4D-53">
      <ModulePath>C:\Program Files\dotnet\sdk\5.0.101\Newtonsoft.Json.dll</ModulePath>
      <ModuleTime>2020-12-02T04:51:44Z</ModuleTime>
      <ModuleName>Newtonsoft.Json</ModuleName>
      <Classes />
    </Module>
    <Module skippedDueTo="Filter" hash="45-8B-F2-8A-73-56-B4-20-6A-73-18-53-D3-FD-DC-6D-A9-AC-67-D4">
      <ModulePath>C:\Program Files\dotnet\shared\Microsoft.NETCore.App\5.0.1\System.Linq.Expressions.dll</ModulePath>
      <ModuleTime>2020-11-26T05:23:08Z</ModuleTime>
      <ModuleName>System.Linq.Expressions</ModuleName>
      <Classes />
    </Module>
    <Module skippedDueTo="Filter" hash="AB-EA-70-57-74-68-AB-1C-05-86-7C-7F-35-42-28-AC-39-DA-1E-C3">
      <ModulePath>C:\Program Files\dotnet\shared\Microsoft.NETCore.App\5.0.1\System.ComponentModel.TypeConverter.dll</ModulePath>
      <ModuleTime>2020-11-26T05:22:38Z</ModuleTime>
      <ModuleName>System.ComponentModel.TypeConverter</ModuleName>
      <Classes />
    </Module>
    <Module skippedDueTo="Filter" hash="1B-46-FC-5C-F2-4A-F3-A2-85-B4-53-66-5E-F1-4B-ED-8C-6F-6D-7E">
      <ModulePath>C:\Program Files\dotnet\shared\Microsoft.NETCore.App\5.0.1\System.Runtime.Numerics.dll</ModulePath>
      <ModuleTime>2020-11-26T05:23:22Z</ModuleTime>
      <ModuleName>System.Runtime.Numerics</ModuleName>
      <Classes />
    </Module>
    <Module skippedDueTo="MissingPdb" hash="D5-29-9F-E3-AD-31-DF-0F-7B-50-02-CF-BF-C5-B5-CC-BE-C0-DD-E4">
      <ModulePath>C:\Program Files\dotnet\sdk\5.0.101\NuGet.Configuration.dll</ModulePath>
      <ModuleTime>2020-12-02T04:50:42Z</ModuleTime>
      <ModuleName>NuGet.Configuration</ModuleName>
      <Classes />
    </Module>
    <Module skippedDueTo="Filter" hash="32-61-C3-24-6B-A1-5A-E3-F0-08-A6-54-D4-D5-39-8A-F2-D6-81-81">
      <ModulePath>C:\Program Files\dotnet\shared\Microsoft.NETCore.App\5.0.1\System.Security.Cryptography.X509Certificates.dll</ModulePath>
      <ModuleTime>2020-11-26T05:23:24Z</ModuleTime>
      <ModuleName>System.Security.Cryptography.X509Certificates</ModuleName>
      <Classes />
    </Module>
    <Module skippedDueTo="MissingPdb" hash="43-BB-C2-B7-0F-6B-6A-A8-0D-96-F7-0C-06-38-5E-A9-73-5F-27-52">
      <ModulePath>C:\Program Files\dotnet\sdk\5.0.101\NuGet.Versioning.dll</ModulePath>
      <ModuleTime>2020-12-02T04:50:50Z</ModuleTime>
      <ModuleName>NuGet.Versioning</ModuleName>
      <Classes />
    </Module>
    <Module skippedDueTo="MissingPdb" hash="15-6E-FB-96-28-7A-E7-F6-2E-2D-2A-98-4A-41-60-B6-06-87-98-05">
      <ModulePath>C:\Program Files\dotnet\sdk\5.0.101\NuGet.Frameworks.dll</ModulePath>
      <ModuleTime>2020-12-02T04:50:46Z</ModuleTime>
      <ModuleName>NuGet.Frameworks</ModuleName>
      <Classes />
    </Module>
    <Module skippedDueTo="Filter" hash="22-92-CD-86-D6-53-58-01-C6-D8-B6-63-3A-6D-82-EA-C2-0A-B8-E4">
      <ModulePath>C:\Program Files\dotnet\shared\Microsoft.NETCore.App\5.0.1\System.Diagnostics.Tools.dll</ModulePath>
      <ModuleTime>2020-11-26T05:23:06Z</ModuleTime>
      <ModuleName>System.Diagnostics.Tools</ModuleName>
      <Classes />
    </Module>
    <Module skippedDueTo="MissingPdb" hash="2B-B1-B5-83-FC-EA-02-FE-8A-D8-EC-22-DE-21-B9-D8-70-25-CE-F0">
      <ModulePath>C:\Program Files\dotnet\sdk\5.0.101\NuGet.Packaging.dll</ModulePath>
      <ModuleTime>2020-12-02T04:50:48Z</ModuleTime>
      <ModuleName>NuGet.Packaging</ModuleName>
      <Classes />
    </Module>
    <Module skippedDueTo="Filter" hash="4D-28-23-7E-64-6D-9C-1A-AF-55-76-B7-18-DD-78-5B-84-24-CF-29">
      <ModulePath>C:\Program Files\dotnet\shared\Microsoft.NETCore.App\5.0.1\System.IO.dll</ModulePath>
      <ModuleTime>2020-11-26T05:22:42Z</ModuleTime>
      <ModuleName>System.IO</ModuleName>
      <Classes />
    </Module>
    <Module skippedDueTo="Filter" hash="5B-1E-05-43-38-8A-AF-28-41-52-47-B6-4D-CA-93-6A-F2-C8-E3-C5">
      <ModulePath>C:\Program Files\dotnet\shared\Microsoft.NETCore.App\5.0.1\System.Text.Encoding.dll</ModulePath>
      <ModuleTime>2020-11-26T05:22:40Z</ModuleTime>
      <ModuleName>System.Text.Encoding</ModuleName>
      <Classes />
    </Module>
    <Module skippedDueTo="Filter" hash="1D-09-88-33-8A-BD-A9-84-C6-61-64-5C-7D-F7-28-DE-CA-EF-1D-00">
      <ModulePath>C:\Program Files\dotnet\shared\Microsoft.NETCore.App\5.0.1\System.IO.Compression.dll</ModulePath>
      <ModuleTime>2020-11-26T05:23:30Z</ModuleTime>
      <ModuleName>System.IO.Compression</ModuleName>
      <Classes />
    </Module>
    <Module skippedDueTo="MissingPdb" hash="EB-A7-52-7E-FD-52-34-88-F9-97-04-E1-41-70-23-DC-AF-7C-FC-E5">
      <ModulePath>C:\Program Files\dotnet\sdk\5.0.101\NuGet.LibraryModel.dll</ModulePath>
      <ModuleTime>2020-12-02T04:50:48Z</ModuleTime>
      <ModuleName>NuGet.LibraryModel</ModuleName>
      <Classes />
    </Module>
    <Module skippedDueTo="Filter" hash="06-53-29-DF-24-4C-8E-E6-8C-F1-1B-84-AF-D3-A1-BE-BD-F2-67-A9">
      <ModulePath>C:\Program Files\dotnet\shared\Microsoft.NETCore.App\5.0.1\System.Net.Http.dll</ModulePath>
      <ModuleTime>2020-11-26T05:23:10Z</ModuleTime>
      <ModuleName>System.Net.Http</ModuleName>
      <Classes />
    </Module>
    <Module skippedDueTo="Filter" hash="DD-D7-FF-29-32-7D-F2-50-36-E2-49-7A-64-52-50-45-B5-25-07-AB">
      <ModulePath>C:\Program Files\dotnet\shared\Microsoft.NETCore.App\5.0.1\System.Net.Primitives.dll</ModulePath>
      <ModuleTime>2020-11-26T05:23:10Z</ModuleTime>
      <ModuleName>System.Net.Primitives</ModuleName>
      <Classes />
    </Module>
    <Module skippedDueTo="Filter" hash="92-A2-7C-E0-61-87-8E-4E-AD-25-4E-BC-E7-6C-91-F4-F6-22-76-6B">
      <ModulePath>C:\Program Files\dotnet\shared\Microsoft.NETCore.App\5.0.1\System.Net.Security.dll</ModulePath>
      <ModuleTime>2020-11-26T05:23:10Z</ModuleTime>
      <ModuleName>System.Net.Security</ModuleName>
      <Classes />
    </Module>
    <Module skippedDueTo="Filter" hash="E4-7B-D5-D5-DF-6E-22-CE-A2-F0-36-F5-8B-49-BB-2A-04-B0-A8-43">
      <ModulePath>C:\Program Files\dotnet\shared\Microsoft.NETCore.App\5.0.1\System.Diagnostics.DiagnosticSource.dll</ModulePath>
      <ModuleTime>2020-11-26T05:23:08Z</ModuleTime>
      <ModuleName>System.Diagnostics.DiagnosticSource</ModuleName>
      <Classes />
    </Module>
    <Module skippedDueTo="MissingPdb" hash="E3-01-98-A8-81-01-D1-9D-1E-9A-49-72-9E-F0-5D-55-D5-35-31-00">
      <ModulePath>C:\Program Files\dotnet\sdk\5.0.101\NuGet.Protocol.dll</ModulePath>
      <ModuleTime>2020-12-02T04:50:50Z</ModuleTime>
      <ModuleName>NuGet.Protocol</ModuleName>
      <Classes />
    </Module>
    <Module skippedDueTo="MissingPdb" hash="B1-E0-EC-45-25-3B-CB-D8-CC-D8-E2-8C-ED-7C-BF-D7-C7-46-76-30">
      <ModulePath>C:\Program Files\dotnet\sdk\5.0.101\NuGet.Credentials.dll</ModulePath>
      <ModuleTime>2020-12-02T04:50:46Z</ModuleTime>
      <ModuleName>NuGet.Credentials</ModuleName>
      <Classes />
    </Module>
    <Module skippedDueTo="MissingPdb" hash="34-DD-EF-AE-0E-78-57-98-A4-87-7F-AB-8F-1A-C8-52-1E-85-4B-D6">
      <ModulePath>C:\Program Files\dotnet\sdk\5.0.101\NuGet.DependencyResolver.Core.dll</ModulePath>
      <ModuleTime>2020-12-02T04:50:48Z</ModuleTime>
      <ModuleName>NuGet.DependencyResolver.Core</ModuleName>
      <Classes />
    </Module>
    <Module skippedDueTo="MissingPdb" hash="59-30-2D-F3-2B-39-E5-FC-30-5B-06-D3-60-E8-97-B1-8F-53-39-98">
      <ModulePath>C:\Program Files\dotnet\sdk\5.0.101\pt-BR\NuGet.Commands.resources.dll</ModulePath>
      <ModuleTime>2020-10-24T07:32:16Z</ModuleTime>
      <ModuleName>NuGet.Commands.resources</ModuleName>
      <Classes />
    </Module>
    <Module skippedDueTo="Filter" hash="D8-67-BA-B1-17-2E-7D-EB-E1-5E-22-3F-84-5B-43-41-B4-55-79-07">
      <ModulePath>C:\Program Files\dotnet\shared\Microsoft.NETCore.App\5.0.1\System.Runtime.Serialization.Primitives.dll</ModulePath>
      <ModuleTime>2020-11-26T05:23:24Z</ModuleTime>
      <ModuleName>System.Runtime.Serialization.Primitives</ModuleName>
      <Classes />
    </Module>
    <Module skippedDueTo="MissingPdb" hash="39-FB-C8-57-F9-92-04-23-E8-FF-D0-01-9F-52-7C-10-07-6B-4C-AA">
      <ModulePath>C:\Program Files\dotnet\sdk\5.0.101\Microsoft.TestPlatform.Build.dll</ModulePath>
      <ModuleTime>2020-12-02T04:51:28Z</ModuleTime>
      <ModuleName>Microsoft.TestPlatform.Build</ModuleName>
      <Classes />
    </Module>
    <Module skippedDueTo="MissingPdb" hash="5F-49-A8-00-4D-D9-30-3C-72-C4-2F-24-C2-58-B9-24-36-3D-FD-C2">
      <ModulePath>C:\Program Files\dotnet\sdk\5.0.101\pt-BR\Microsoft.TestPlatform.Build.resources.dll</ModulePath>
      <ModuleTime>2020-11-19T21:11:36Z</ModuleTime>
      <ModuleName>Microsoft.TestPlatform.Build.resources</ModuleName>
      <Classes />
    </Module>
    <Module skippedDueTo="MissingPdb" hash="3C-27-29-AC-12-46-64-3E-1B-E4-2F-42-08-25-FC-A0-7D-46-60-86">
      <ModulePath>C:\Program Files\dotnet\sdk\5.0.101\NuGet.ProjectModel.dll</ModulePath>
      <ModuleTime>2020-12-02T04:50:50Z</ModuleTime>
      <ModuleName>NuGet.ProjectModel</ModuleName>
      <Classes />
    </Module>
    <Module skippedDueTo="MissingPdb" hash="2E-C8-A5-F1-0F-37-B3-30-3A-E7-85-7F-A4-E7-3E-31-9B-C9-98-83">
      <ModulePath>C:\Program Files\dotnet\sdk\5.0.101\pt-BR\Microsoft.Build.Tasks.Core.resources.dll</ModulePath>
      <ModuleTime>2020-10-20T23:39:46Z</ModuleTime>
      <ModuleName>Microsoft.Build.Tasks.Core.resources</ModuleName>
      <Classes />
    </Module>
    <Module skippedDueTo="MissingPdb" hash="43-BB-C2-B7-0F-6B-6A-A8-0D-96-F7-0C-06-38-5E-A9-73-5F-27-52">
      <ModulePath>C:\Program Files\dotnet\sdk\5.0.101\NuGet.Versioning.dll</ModulePath>
      <ModuleTime>2020-12-02T04:50:50Z</ModuleTime>
      <ModuleName>NuGet.Versioning</ModuleName>
      <Classes />
    </Module>
    <Module skippedDueTo="MissingPdb" hash="0F-28-43-21-FA-D2-4C-82-C1-48-A0-69-03-CD-AF-06-A6-97-0D-CB">
      <ModulePath>C:\Program Files\dotnet\sdk\5.0.101\NuGet.Common.dll</ModulePath>
      <ModuleTime>2020-12-02T04:50:46Z</ModuleTime>
      <ModuleName>NuGet.Common</ModuleName>
      <Classes />
    </Module>
    <Module skippedDueTo="MissingPdb" hash="79-97-63-22-58-3A-76-F0-E3-6D-B4-C1-54-34-21-BF-80-49-0C-0C">
      <ModulePath>C:\Program Files\dotnet\sdk\5.0.101\Sdks\Microsoft.NET.Sdk\tools\net5.0\pt-BR\Microsoft.NET.Build.Tasks.resources.dll</ModulePath>
      <ModuleTime>2020-12-02T04:50:40Z</ModuleTime>
      <ModuleName>Microsoft.NET.Build.Tasks.resources</ModuleName>
      <Classes />
    </Module>
    <Module skippedDueTo="Filter" hash="3A-44-03-3A-BF-F2-DD-6E-66-43-7B-13-AA-BD-EE-28-CD-21-C5-DD">
      <ModulePath>C:\Program Files\dotnet\shared\Microsoft.NETCore.App\5.0.1\System.Reflection.Metadata.dll</ModulePath>
      <ModuleTime>2020-11-26T05:23:22Z</ModuleTime>
      <ModuleName>System.Reflection.Metadata</ModuleName>
      <Classes />
    </Module>
    <Module skippedDueTo="Filter" hash="6E-D2-D5-7D-40-B0-44-1A-9B-BC-88-26-F2-53-01-46-0F-4D-E7-70">
      <ModulePath>C:\Program Files\dotnet\shared\Microsoft.NETCore.App\5.0.1\System.IO.MemoryMappedFiles.dll</ModulePath>
      <ModuleTime>2020-11-26T05:23:08Z</ModuleTime>
      <ModuleName>System.IO.MemoryMappedFiles</ModuleName>
      <Classes />
    </Module>
    <Module skippedDueTo="Filter" hash="04-0B-C8-92-61-29-E0-DD-7D-76-64-D2-75-75-C7-A8-A4-8B-76-D0">
      <ModulePath>C:\Program Files\dotnet\shared\Microsoft.NETCore.App\5.0.1\System.Runtime.Serialization.Formatters.dll</ModulePath>
      <ModuleTime>2020-11-26T05:23:22Z</ModuleTime>
      <ModuleName>System.Runtime.Serialization.Formatters</ModuleName>
      <Classes />
    </Module>
    <Module skippedDueTo="Filter" hash="5E-19-1E-FF-A5-A5-1C-89-DB-99-B0-32-10-D4-EA-5D-72-C2-E9-39">
      <ModulePath>C:\Program Files\dotnet\shared\Microsoft.NETCore.App\5.0.1\mscorlib.dll</ModulePath>
      <ModuleTime>2020-11-26T05:18:52Z</ModuleTime>
      <ModuleName>mscorlib</ModuleName>
      <Classes />
    </Module>
    <Module skippedDueTo="Filter" hash="90-AF-52-1A-C8-15-EB-BE-B0-9A-8E-64-B6-3C-EB-0A-39-C5-31-3F">
      <ModulePath>C:\Program Files\dotnet\shared\Microsoft.NETCore.App\5.0.1\System.Core.dll</ModulePath>
      <ModuleTime>2020-11-26T05:23:06Z</ModuleTime>
      <ModuleName>System.Core</ModuleName>
      <Classes />
    </Module>
    <Module skippedDueTo="MissingPdb" hash="1E-8B-FA-7C-AA-0E-2F-08-B2-23-04-47-55-43-8F-19-E6-F5-E6-75">
      <ModulePath>C:\Program Files\dotnet\sdk\5.0.101\Sdks\Microsoft.NET.Sdk.Razor\tasks\net5.0\Microsoft.NET.Sdk.Razor.Tasks.dll</ModulePath>
      <ModuleTime>2020-12-02T02:19:14Z</ModuleTime>
      <ModuleName>Microsoft.NET.Sdk.Razor.Tasks</ModuleName>
      <Classes />
    </Module>
    <Module skippedDueTo="MissingPdb" hash="95-D6-B7-38-E9-97-44-F7-41-B0-65-1E-64-A2-D0-21-D0-09-DB-FC">
      <ModulePath>C:\Users\julia\Desktop\Treinamento\api-person\ApiPerson\.sonarqube\bin\SonarScanner.MSBuild.Tasks.dll</ModulePath>
      <ModuleTime>2020-11-11T18:56:14Z</ModuleTime>
      <ModuleName>SonarScanner.MSBuild.Tasks</ModuleName>
      <Classes />
    </Module>
    <Module skippedDueTo="MissingPdb" hash="06-F8-9F-1E-B6-B1-19-AA-1E-A3-D5-49-67-42-42-EF-FC-9F-47-A5">
      <ModulePath>C:\Users\julia\Desktop\Treinamento\api-person\ApiPerson\.sonarqube\bin\SonarScanner.MSBuild.Common.dll</ModulePath>
      <ModuleTime>2020-11-11T18:56:12Z</ModuleTime>
      <ModuleName>SonarScanner.MSBuild.Common</ModuleName>
      <Classes />
    </Module>
    <Module skippedDueTo="Filter" hash="CD-94-D2-45-0C-0A-A5-51-BF-23-29-DF-44-34-48-29-5A-05-0E-00">
      <ModulePath>C:\Program Files\dotnet\shared\Microsoft.NETCore.App\5.0.1\System.Xml.XmlSerializer.dll</ModulePath>
      <ModuleTime>2020-11-26T05:22:56Z</ModuleTime>
      <ModuleName>System.Xml.XmlSerializer</ModuleName>
      <Classes />
    </Module>
    <Module skippedDueTo="Filter" hash="AD-55-C2-72-42-61-D2-6C-89-A9-C4-E2-CD-A1-B4-98-05-81-7D-39">
      <ModulePath>C:\Program Files\dotnet\shared\Microsoft.NETCore.App\5.0.1\System.Reflection.Emit.dll</ModulePath>
      <ModuleTime>2020-11-26T05:22:36Z</ModuleTime>
      <ModuleName>System.Reflection.Emit</ModuleName>
      <Classes />
    </Module>
    <Module skippedDueTo="MissingPdb" hash="">
      <ModulePath>RefEmit_InMemoryManifestModule</ModulePath>
      <ModuleTime>0001-01-01T00:00:00</ModuleTime>
      <ModuleName>Microsoft.GeneratedCode</ModuleName>
      <Classes />
    </Module>
    <Module skippedDueTo="MissingPdb" hash="">
      <ModulePath>RefEmit_InMemoryManifestModule</ModulePath>
      <ModuleTime>0001-01-01T00:00:00</ModuleTime>
      <ModuleName>Microsoft.GeneratedCode</ModuleName>
      <Classes />
    </Module>
    <Module skippedDueTo="MissingPdb" hash="86-CA-EF-F5-DD-42-04-91-A3-B7-17-D8-51-1D-B9-77-48-E9-BC-8D">
      <ModulePath>C:\Program Files\dotnet\sdk\5.0.101\Roslyn\Microsoft.Build.Tasks.CodeAnalysis.dll</ModulePath>
      <ModuleTime>2020-12-02T04:52:32Z</ModuleTime>
      <ModuleName>Microsoft.Build.Tasks.CodeAnalysis</ModuleName>
      <Classes />
    </Module>
    <Module skippedDueTo="Filter" hash="AC-87-73-CC-0C-DD-DD-3B-39-5E-E1-56-58-CD-77-2E-D2-22-CF-DF">
      <ModulePath>C:\Program Files\dotnet\shared\Microsoft.NETCore.App\5.0.1\System.Security.Principal.Windows.dll</ModulePath>
      <ModuleTime>2020-11-26T05:23:26Z</ModuleTime>
      <ModuleName>System.Security.Principal.Windows</ModuleName>
      <Classes />
    </Module>
    <Module skippedDueTo="Filter" hash="EA-4B-4D-F2-39-DC-7D-EF-51-C0-BB-81-C6-E3-29-86-01-04-6A-A4">
      <ModulePath>C:\Program Files\dotnet\shared\Microsoft.NETCore.App\5.0.1\System.Security.Claims.dll</ModulePath>
      <ModuleTime>2020-11-26T05:22:40Z</ModuleTime>
      <ModuleName>System.Security.Claims</ModuleName>
      <Classes />
    </Module>
    <Module skippedDueTo="MissingPdb" hash="26-E0-5E-26-9C-FF-4F-13-8F-14-3C-3F-85-E0-5E-00-94-48-57-41">
      <ModulePath>C:\Program Files\dotnet\sdk\5.0.101\Roslyn\pt-BR\Microsoft.Build.Tasks.CodeAnalysis.resources.dll</ModulePath>
      <ModuleTime>2020-11-20T12:04:16Z</ModuleTime>
      <ModuleName>Microsoft.Build.Tasks.CodeAnalysis.resources</ModuleName>
      <Classes />
    </Module>
    <Module skippedDueTo="Filter" hash="38-12-7D-99-4D-48-3D-FD-A1-0A-C5-6B-AA-70-2A-86-A6-15-81-D6">
      <ModulePath>C:\Program Files\dotnet\shared\Microsoft.NETCore.App\5.0.1\System.IO.Pipes.dll</ModulePath>
      <ModuleTime>2020-11-26T05:22:42Z</ModuleTime>
      <ModuleName>System.IO.Pipes</ModuleName>
      <Classes />
    </Module>
    <Module skippedDueTo="Filter" hash="75-42-DF-DC-36-23-09-29-3F-E9-7B-A8-A6-57-C3-96-A4-5B-2A-89">
      <ModulePath>C:\Program Files\dotnet\shared\Microsoft.NETCore.App\5.0.1\System.Threading.Overlapped.dll</ModulePath>
      <ModuleTime>2020-11-26T05:23:26Z</ModuleTime>
      <ModuleName>System.Threading.Overlapped</ModuleName>
      <Classes />
    </Module>
    <Module skippedDueTo="Filter" hash="68-8A-7B-02-00-8A-9A-6E-D7-7D-D7-82-1E-29-99-0C-A3-6E-D2-4D">
      <ModulePath>C:\Program Files\dotnet\shared\Microsoft.NETCore.App\5.0.1\System.Security.AccessControl.dll</ModulePath>
      <ModuleTime>2020-11-26T05:22:40Z</ModuleTime>
      <ModuleName>System.Security.AccessControl</ModuleName>
      <Classes />
    </Module>
    <Module skippedDueTo="MissingPdb" hash="DF-EE-8D-D8-07-F7-22-20-4A-43-2C-11-F9-00-78-26-0D-8C-63-E6">
      <ModulePath>C:\Program Files\dotnet\sdk\5.0.101\Microsoft.NET.HostModel.dll</ModulePath>
      <ModuleTime>2020-12-02T04:51:26Z</ModuleTime>
      <ModuleName>Microsoft.NET.HostModel</ModuleName>
      <Classes />
    </Module>
    <Module skippedDueTo="MissingPdb" hash="">
      <ModulePath>RefEmit_InMemoryManifestModule</ModulePath>
      <ModuleTime>0001-01-01T00:00:00</ModuleTime>
      <ModuleName>Microsoft.GeneratedCode</ModuleName>
      <Classes />
    </Module>
    <Module skippedDueTo="Filter" hash="9E-8A-E3-82-1B-DC-B9-5E-6E-B3-DB-A2-88-EF-8C-25-74-82-D4-FC">
      <ModulePath>C:\Program Files\dotnet\shared\Microsoft.NETCore.App\5.0.1\System.Private.CoreLib.dll</ModulePath>
      <ModuleTime>2020-11-26T05:19:10Z</ModuleTime>
      <ModuleName>System.Private.CoreLib</ModuleName>
      <Classes />
    </Module>
    <Module skippedDueTo="MissingPdb" hash="45-6E-55-76-6C-B5-87-DD-C1-2A-DD-FE-87-40-F7-4C-CC-23-D4-30">
      <ModulePath>C:\Program Files\dotnet\sdk\5.0.101\vstest.console.dll</ModulePath>
      <ModuleTime>2020-12-02T04:50:52Z</ModuleTime>
      <ModuleName>vstest.console</ModuleName>
      <Classes />
    </Module>
    <Module skippedDueTo="Filter" hash="2C-27-F2-9A-19-38-D9-2E-A0-A6-75-F0-5B-49-8C-E5-CB-FA-EE-5D">
      <ModulePath>C:\Program Files\dotnet\shared\Microsoft.NETCore.App\5.0.1\System.Runtime.dll</ModulePath>
      <ModuleTime>2020-11-26T05:22:38Z</ModuleTime>
      <ModuleName>System.Runtime</ModuleName>
      <Classes />
    </Module>
    <Module skippedDueTo="Filter" hash="B9-04-BB-1F-47-59-AE-55-36-7D-BD-CD-78-EC-CD-54-46-F1-29-01">
      <ModulePath>C:\Program Files\dotnet\shared\Microsoft.NETCore.App\5.0.1\System.Diagnostics.Process.dll</ModulePath>
      <ModuleTime>2020-11-26T05:22:40Z</ModuleTime>
      <ModuleName>System.Diagnostics.Process</ModuleName>
      <Classes />
    </Module>
    <Module skippedDueTo="Filter" hash="30-71-D6-A1-76-1A-E7-30-27-9C-C0-91-B0-21-96-E0-03-EC-EB-2E">
      <ModulePath>C:\Program Files\dotnet\shared\Microsoft.NETCore.App\5.0.1\System.ComponentModel.Primitives.dll</ModulePath>
      <ModuleTime>2020-11-26T05:23:06Z</ModuleTime>
      <ModuleName>System.ComponentModel.Primitives</ModuleName>
      <Classes />
    </Module>
    <Module skippedDueTo="Filter" hash="88-0A-71-93-FB-FB-1B-A5-A0-8D-BC-76-FC-3D-74-FB-A4-05-B2-51">
      <ModulePath>C:\Program Files\dotnet\shared\Microsoft.NETCore.App\5.0.1\System.Runtime.Extensions.dll</ModulePath>
      <ModuleTime>2020-11-26T05:22:38Z</ModuleTime>
      <ModuleName>System.Runtime.Extensions</ModuleName>
      <Classes />
    </Module>
    <Module skippedDueTo="MissingPdb" hash="80-4D-19-1A-E9-B9-4C-66-98-83-0A-D3-15-B7-39-53-77-A0-4F-CE">
      <ModulePath>C:\Program Files\dotnet\sdk\5.0.101\Microsoft.TestPlatform.CoreUtilities.dll</ModulePath>
      <ModuleTime>2020-12-02T04:51:30Z</ModuleTime>
      <ModuleName>Microsoft.TestPlatform.CoreUtilities</ModuleName>
      <Classes />
    </Module>
    <Module skippedDueTo="MissingPdb" hash="91-93-E6-A4-B3-80-5C-69-16-36-A2-70-9A-20-D8-93-A8-8C-0B-85">
      <ModulePath>C:\Program Files\dotnet\shared\Microsoft.NETCore.App\5.0.1\netstandard.dll</ModulePath>
      <ModuleTime>2020-11-26T05:23:04Z</ModuleTime>
      <ModuleName>netstandard</ModuleName>
      <Classes />
    </Module>
    <Module skippedDueTo="Filter" hash="93-1C-2D-DB-EE-CB-2C-50-60-DC-2B-A2-F5-BA-46-0A-38-C9-1F-BC">
      <ModulePath>C:\Program Files\dotnet\shared\Microsoft.NETCore.App\5.0.1\System.Diagnostics.Debug.dll</ModulePath>
      <ModuleTime>2020-11-26T05:23:08Z</ModuleTime>
      <ModuleName>System.Diagnostics.Debug</ModuleName>
      <Classes />
    </Module>
    <Module skippedDueTo="Filter" hash="17-AA-F2-B7-5D-DC-63-65-32-5B-7B-20-82-36-48-12-EA-CE-34-13">
      <ModulePath>C:\Program Files\dotnet\shared\Microsoft.NETCore.App\5.0.1\System.Threading.Thread.dll</ModulePath>
      <ModuleTime>2020-11-26T05:23:26Z</ModuleTime>
      <ModuleName>System.Threading.Thread</ModuleName>
      <Classes />
    </Module>
    <Module skippedDueTo="Filter" hash="98-F3-6B-70-C7-F7-3C-86-E9-35-6E-24-62-E9-07-F7-4D-FB-46-37">
      <ModulePath>C:\Program Files\dotnet\shared\Microsoft.NETCore.App\5.0.1\System.Threading.dll</ModulePath>
      <ModuleTime>2020-11-26T05:22:40Z</ModuleTime>
      <ModuleName>System.Threading</ModuleName>
      <Classes />
    </Module>
    <Module skippedDueTo="Filter" hash="32-37-51-CE-0E-37-4D-DC-D7-AA-46-FD-E0-C7-47-8D-52-CA-79-B5">
      <ModulePath>C:\Program Files\dotnet\shared\Microsoft.NETCore.App\5.0.1\System.Console.dll</ModulePath>
      <ModuleTime>2020-11-26T05:23:30Z</ModuleTime>
      <ModuleName>System.Console</ModuleName>
      <Classes />
    </Module>
    <Module skippedDueTo="Filter" hash="75-4F-E4-13-98-8D-96-14-98-33-4F-45-50-32-07-65-7E-61-3F-A3">
      <ModulePath>C:\Program Files\dotnet\shared\Microsoft.NETCore.App\5.0.1\System.Text.Encoding.Extensions.dll</ModulePath>
      <ModuleTime>2020-11-26T05:22:40Z</ModuleTime>
      <ModuleName>System.Text.Encoding.Extensions</ModuleName>
      <Classes />
    </Module>
    <Module skippedDueTo="Filter" hash="5A-F1-4E-7B-0B-4F-CC-53-17-E4-FB-0C-33-94-ED-1B-AA-6D-9A-26">
      <ModulePath>C:\Program Files\dotnet\shared\Microsoft.NETCore.App\5.0.1\System.Diagnostics.Tracing.dll</ModulePath>
      <ModuleTime>2020-11-26T05:23:06Z</ModuleTime>
      <ModuleName>System.Diagnostics.Tracing</ModuleName>
      <Classes />
    </Module>
    <Module skippedDueTo="Filter" hash="24-5D-A5-72-4B-33-83-A9-79-8D-1B-E4-99-E0-73-AC-22-ED-61-AE">
      <ModulePath>C:\Program Files\dotnet\shared\Microsoft.NETCore.App\5.0.1\System.Collections.dll</ModulePath>
      <ModuleTime>2020-11-26T05:23:30Z</ModuleTime>
      <ModuleName>System.Collections</ModuleName>
      <Classes />
    </Module>
    <Module skippedDueTo="MissingPdb" hash="D0-01-34-23-EB-C1-25-A6-6D-C8-CB-41-5E-DC-E1-40-52-7B-B3-63">
      <ModulePath>C:\Program Files\dotnet\sdk\5.0.101\Microsoft.VisualStudio.TestPlatform.ObjectModel.dll</ModulePath>
      <ModuleTime>2020-12-02T04:51:32Z</ModuleTime>
      <ModuleName>Microsoft.VisualStudio.TestPlatform.ObjectModel</ModuleName>
      <Classes />
    </Module>
    <Module skippedDueTo="MissingPdb" hash="53-14-0E-8F-E7-26-8C-C5-D4-56-EE-F3-74-97-2D-29-63-C4-84-F2">
      <ModulePath>C:\Program Files\dotnet\sdk\5.0.101\Microsoft.VisualStudio.TestPlatform.Client.dll</ModulePath>
      <ModuleTime>2020-12-02T04:51:30Z</ModuleTime>
      <ModuleName>Microsoft.VisualStudio.TestPlatform.Client</ModuleName>
      <Classes />
    </Module>
    <Module skippedDueTo="MissingPdb" hash="EA-0E-99-A8-29-1D-03-A3-A2-33-A6-C9-18-C2-CA-FF-2E-7C-3E-10">
      <ModulePath>C:\Program Files\dotnet\sdk\5.0.101\Microsoft.VisualStudio.TestPlatform.Common.dll</ModulePath>
      <ModuleTime>2020-12-02T04:51:30Z</ModuleTime>
      <ModuleName>Microsoft.VisualStudio.TestPlatform.Common</ModuleName>
      <Classes />
    </Module>
    <Module skippedDueTo="Filter" hash="8C-24-21-2C-83-C8-21-70-14-70-D5-BB-EE-B7-B7-AF-C2-6D-77-94">
      <ModulePath>C:\Program Files\dotnet\shared\Microsoft.NETCore.App\5.0.1\System.Linq.dll</ModulePath>
      <ModuleTime>2020-11-26T05:23:10Z</ModuleTime>
      <ModuleName>System.Linq</ModuleName>
      <Classes />
    </Module>
    <Module skippedDueTo="Filter" hash="38-CE-15-CF-27-7A-FC-59-85-86-C7-94-CD-07-2F-85-73-24-05-29">
      <ModulePath>C:\Program Files\dotnet\shared\Microsoft.NETCore.App\5.0.1\System.Runtime.InteropServices.dll</ModulePath>
      <ModuleTime>2020-11-26T05:22:38Z</ModuleTime>
      <ModuleName>System.Runtime.InteropServices</ModuleName>
      <Classes />
    </Module>
    <Module skippedDueTo="Filter" hash="F9-FC-2F-83-A3-7D-CC-37-EF-88-E0-12-1F-49-3C-D6-BE-41-AB-54">
      <ModulePath>C:\Program Files\dotnet\shared\Microsoft.NETCore.App\5.0.1\System.Resources.ResourceManager.dll</ModulePath>
      <ModuleTime>2020-11-26T05:22:38Z</ModuleTime>
      <ModuleName>System.Resources.ResourceManager</ModuleName>
      <Classes />
    </Module>
    <Module skippedDueTo="MissingPdb" hash="8E-E8-43-9A-4D-74-16-B0-0D-D5-B2-19-52-DA-41-78-F4-AE-9C-A0">
      <ModulePath>C:\Program Files\dotnet\sdk\5.0.101\pt-BR\vstest.console.resources.dll</ModulePath>
      <ModuleTime>2020-11-19T21:07:42Z</ModuleTime>
      <ModuleName>vstest.console.resources</ModuleName>
      <Classes />
    </Module>
    <Module skippedDueTo="Filter" hash="EF-75-C6-B7-D8-E4-F9-36-A6-E5-11-A8-9B-87-B4-B2-20-76-2F-E1">
      <ModulePath>C:\Program Files\dotnet\shared\Microsoft.NETCore.App\5.0.1\System.IO.FileSystem.dll</ModulePath>
      <ModuleTime>2020-11-26T05:23:08Z</ModuleTime>
      <ModuleName>System.IO.FileSystem</ModuleName>
      <Classes />
    </Module>
    <Module skippedDueTo="Filter" hash="4E-F7-1F-EB-4D-26-E0-6E-5E-29-D0-DE-7A-89-55-1B-B1-EB-58-BF">
      <ModulePath>C:\Program Files\dotnet\shared\Microsoft.NETCore.App\5.0.1\System.Xml.ReaderWriter.dll</ModulePath>
      <ModuleTime>2020-11-26T05:22:56Z</ModuleTime>
      <ModuleName>System.Xml.ReaderWriter</ModuleName>
      <Classes />
    </Module>
    <Module skippedDueTo="Filter" hash="D4-19-2C-16-7A-E6-04-B1-56-7B-07-BC-60-C1-CD-A0-C4-2E-01-F0">
      <ModulePath>C:\Program Files\dotnet\shared\Microsoft.NETCore.App\5.0.1\System.Private.Xml.dll</ModulePath>
      <ModuleTime>2020-11-26T05:23:22Z</ModuleTime>
      <ModuleName>System.Private.Xml</ModuleName>
      <Classes />
    </Module>
    <Module skippedDueTo="MissingPdb" hash="BC-20-2C-6B-1F-8D-EC-04-AE-A3-29-A5-58-EF-D8-D3-15-FC-60-40">
      <ModulePath>C:\Program Files\dotnet\sdk\5.0.101\Microsoft.TestPlatform.PlatformAbstractions.dll</ModulePath>
      <ModuleTime>2020-12-02T04:51:30Z</ModuleTime>
      <ModuleName>Microsoft.TestPlatform.PlatformAbstractions</ModuleName>
      <Classes />
    </Module>
    <Module skippedDueTo="MissingPdb" hash="78-C1-75-27-8D-73-0C-EC-3E-7E-D3-25-CC-C5-B7-6D-33-3D-A4-25">
      <ModulePath>C:\Program Files\dotnet\sdk\5.0.101\Microsoft.TestPlatform.Utilities.dll</ModulePath>
      <ModuleTime>2020-12-02T04:51:30Z</ModuleTime>
      <ModuleName>Microsoft.TestPlatform.Utilities</ModuleName>
      <Classes />
    </Module>
    <Module skippedDueTo="Filter" hash="BA-F4-ED-D7-13-C8-55-40-22-7B-A8-6E-36-DD-E1-0C-CE-64-D4-2E">
      <ModulePath>C:\Program Files\dotnet\shared\Microsoft.NETCore.App\5.0.1\System.Runtime.InteropServices.RuntimeInformation.dll</ModulePath>
      <ModuleTime>2020-11-26T05:23:24Z</ModuleTime>
      <ModuleName>System.Runtime.InteropServices.RuntimeInformation</ModuleName>
      <Classes />
    </Module>
    <Module skippedDueTo="MissingPdb" hash="15-6E-FB-96-28-7A-E7-F6-2E-2D-2A-98-4A-41-60-B6-06-87-98-05">
      <ModulePath>C:\Program Files\dotnet\sdk\5.0.101\NuGet.Frameworks.dll</ModulePath>
      <ModuleTime>2020-12-02T04:50:46Z</ModuleTime>
      <ModuleName>NuGet.Frameworks</ModuleName>
      <Classes />
    </Module>
    <Module skippedDueTo="Filter" hash="CC-1E-3F-5D-55-55-4D-9F-E5-9B-55-4B-E6-35-5C-A0-C8-97-3B-22">
      <ModulePath>C:\Program Files\dotnet\shared\Microsoft.NETCore.App\5.0.1\System.Memory.dll</ModulePath>
      <ModuleTime>2020-11-26T05:24:08Z</ModuleTime>
      <ModuleName>System.Memory</ModuleName>
      <Classes />
    </Module>
[...]
          <FullName>ApiPerson.Controllers.PersonController</FullName>
          <Methods>
            <Method visited="true" cyclomaticComplexity="1" nPathComplexity="0" sequenceCoverage="100" branchCoverage="100" isConstructor="true" isStatic="false" isGetter="false" isSetter="false">
              <Summary numSequencePoints="5" visitedSequencePoints="5" numBranchPoints="1" visitedBranchPoints="1" sequenceCoverage="100" branchCoverage="100" maxCyclomaticComplexity="1" minCyclomaticComplexity="1" visitedClasses="0" numClasses="0" visitedMethods="1" numMethods="1" />
              <MetadataToken>100663331</MetadataToken>
              <Name>System.Void ApiPerson.Controllers.PersonController::.ctor(Microsoft.Extensions.Logging.ILogger`1&lt;ApiPerson.Controllers.PersonController&gt;,ApiPerson.Services.IPersonService)</Name>
              <FileRef uid="20" />
              <SequencePoints>
                <SequencePoint vc="17" uspid="312" ordinal="0" offset="0" sl="14" sc="9" el="14" ec="96" bec="0" bev="0" fileid="20" />
                <SequencePoint vc="17" uspid="313" ordinal="1" offset="7" sl="15" sc="9" el="15" ec="10" bec="0" bev="0" fileid="20" />
                <SequencePoint vc="17" uspid="314" ordinal="2" offset="8" sl="16" sc="13" el="16" ec="30" bec="0" bev="0" fileid="20" />
                <SequencePoint vc="17" uspid="315" ordinal="3" offset="15" sl="17" sc="13" el="17" ec="44" bec="0" bev="0" fileid="20" />
                <SequencePoint vc="17" uspid="316" ordinal="4" offset="22" sl="18" sc="9" el="18" ec="10" bec="0" bev="0" fileid="20" />
              </SequencePoints>
              <BranchPoints />
              <MethodPoint xsi:type="SequencePoint" vc="17" uspid="312" ordinal="0" offset="0" sl="14" sc="9" el="14" ec="96" bec="0" bev="0" fileid="20" />
            </Method>
            <Method visited="true" cyclomaticComplexity="2" nPathComplexity="2" sequenceCoverage="100" branchCoverage="100" isConstructor="false" isStatic="false" isGetter="false" isSetter="false">
              <Summary numSequencePoints="6" visitedSequencePoints="6" numBranchPoints="3" visitedBranchPoints="3" sequenceCoverage="100" branchCoverage="100" maxCyclomaticComplexity="2" minCyclomaticComplexity="2" visitedClasses="0" numClasses="0" visitedMethods="1" numMethods="1" />
              <MetadataToken>100663332</MetadataToken>
              <Name>Microsoft.AspNetCore.Mvc.IActionResult ApiPerson.Controllers.PersonController::Get()</Name>
              <FileRef uid="20" />
              <SequencePoints>
                <SequencePoint vc="2" uspid="317" ordinal="0" offset="0" sl="22" sc="9" el="22" ec="10" bec="0" bev="0" fileid="20" />
                <SequencePoint vc="2" uspid="318" ordinal="1" offset="1" sl="23" sc="13" el="23" ec="55" bec="0" bev="0" fileid="20" />
                <SequencePoint vc="2" uspid="319" ordinal="2" offset="13" sl="24" sc="13" el="24" ec="39" bec="2" bev="2" fileid="20" />
                <SequencePoint vc="1" uspid="320" ordinal="3" offset="26" sl="24" sc="40" el="24" ec="59" bec="0" bev="0" fileid="20" />
                <SequencePoint vc="1" uspid="321" ordinal="4" offset="35" sl="25" sc="13" el="25" ec="35" bec="0" bev="0" fileid="20" />
                <SequencePoint vc="2" uspid="322" ordinal="5" offset="45" sl="26" sc="9" el="26" ec="10" bec="0" bev="0" fileid="20" />
              </SequencePoints>
              <BranchPoints>
                <BranchPoint vc="1" uspid="323" ordinal="0" offset="24" sl="24" path="0" offsetend="26" fileid="20" />
                <BranchPoint vc="1" uspid="324" ordinal="1" offset="24" sl="24" path="1" offsetend="35" fileid="20" />
              </BranchPoints>
              <MethodPoint xsi:type="SequencePoint" vc="2" uspid="317" ordinal="0" offset="0" sl="22" sc="9" el="22" ec="10" bec="0" bev="0" fileid="20" />
            </Method>
            <Method visited="true" cyclomaticComplexity="2" nPathComplexity="2" sequenceCoverage="100" branchCoverage="100" isConstructor="false" isStatic="false" isGetter="false" isSetter="false">
              <Summary numSequencePoints="6" visitedSequencePoints="6" numBranchPoints="3" visitedBranchPoints="3" sequenceCoverage="100" branchCoverage="100" maxCyclomaticComplexity="2" minCyclomaticComplexity="2" visitedClasses="0" numClasses="0" visitedMethods="1" numMethods="1" />
              <MetadataToken>100663333</MetadataToken>
              <Name>Microsoft.AspNetCore.Mvc.IActionResult ApiPerson.Controllers.PersonController::Get(System.Int64)</Name>
              <FileRef uid="20" />
              <SequencePoints>
                <SequencePoint vc="2" uspid="325" ordinal="0" offset="0" sl="30" sc="9" el="30" ec="10" bec="0" bev="0" fileid="20" />
                <SequencePoint vc="2" uspid="326" ordinal="1" offset="1" sl="31" sc="13" el="31" ec="54" bec="0" bev="0" fileid="20" />
                <SequencePoint vc="2" uspid="327" ordinal="2" offset="14" sl="32" sc="13" el="32" ec="32" bec="2" bev="2" fileid="20" />
                <SequencePoint vc="1" uspid="328" ordinal="3" offset="22" sl="32" sc="33" el="32" ec="51" bec="0" bev="0" fileid="20" />
                <SequencePoint vc="1" uspid="329" ordinal="4" offset="31" sl="33" sc="13" el="33" ec="31" bec="0" bev="0" fileid="20" />
                <SequencePoint vc="2" uspid="330" ordinal="5" offset="41" sl="34" sc="9" el="34" ec="10" bec="0" bev="0" fileid="20" />
              </SequencePoints>
              <BranchPoints>
                <BranchPoint vc="1" uspid="331" ordinal="0" offset="20" sl="32" path="0" offsetend="22" fileid="20" />
                <BranchPoint vc="1" uspid="332" ordinal="1" offset="20" sl="32" path="1" offsetend="31" fileid="20" />
              </BranchPoints>
              <MethodPoint xsi:type="SequencePoint" vc="2" uspid="325" ordinal="0" offset="0" sl="30" sc="9" el="30" ec="10" bec="0" bev="0" fileid="20" />
            </Method>
            <Method visited="true" cyclomaticComplexity="2" nPathComplexity="2" sequenceCoverage="66.67" branchCoverage="100" isConstructor="false" isStatic="false" isGetter="false" isSetter="false">
              <Summary numSequencePoints="9" visitedSequencePoints="6" numBranchPoints="3" visitedBranchPoints="3" sequenceCoverage="66.67" branchCoverage="100" maxCyclomaticComplexity="2" minCyclomaticComplexity="2" visitedClasses="0" numClasses="0" visitedMethods="1" numMethods="1" />
              <MetadataToken>100663334</MetadataToken>
              <Name>Microsoft.AspNetCore.Mvc.IActionResult ApiPerson.Controllers.PersonController::Post(ApiPerson.Models.Person)</Name>
              <FileRef uid="20" />
              <SequencePoints>
                <SequencePoint vc="2" uspid="333" ordinal="0" offset="0" sl="38" sc="9" el="38" ec="10" bec="0" bev="0" fileid="20" />
                <SequencePoint vc="2" uspid="334" ordinal="1" offset="1" sl="40" sc="13" el="40" ec="14" bec="0" bev="0" fileid="20" />
                <SequencePoint vc="2" uspid="335" ordinal="2" offset="2" sl="41" sc="17" el="41" ec="36" bec="2" bev="2" fileid="20" />
                <SequencePoint vc="1" uspid="336" ordinal="3" offset="10" sl="41" sc="37" el="41" ec="57" bec="0" bev="0" fileid="20" />
                <SequencePoint vc="1" uspid="337" ordinal="4" offset="19" sl="42" sc="17" el="42" ec="58" bec="0" bev="0" fileid="20" />
                <SequencePoint vc="0" uspid="338" ordinal="5" offset="40" sl="45" sc="13" el="45" ec="18" bec="0" bev="0" fileid="20" />
                <SequencePoint vc="0" uspid="339" ordinal="6" offset="41" sl="46" sc="13" el="46" ec="14" bec="0" bev="0" fileid="20" />
                <SequencePoint vc="0" uspid="340" ordinal="7" offset="42" sl="47" sc="17" el="47" ec="50" bec="0" bev="0" fileid="20" />
                <SequencePoint vc="2" uspid="341" ordinal="8" offset="55" sl="50" sc="9" el="50" ec="10" bec="0" bev="0" fileid="20" />
              </SequencePoints>
              <BranchPoints>
                <BranchPoint vc="1" uspid="342" ordinal="0" offset="8" sl="41" path="0" offsetend="10" fileid="20" />
                <BranchPoint vc="1" uspid="343" ordinal="1" offset="8" sl="41" path="1" offsetend="19" fileid="20" />
              </BranchPoints>
              <MethodPoint xsi:type="SequencePoint" vc="2" uspid="333" ordinal="0" offset="0" sl="38" sc="9" el="38" ec="10" bec="0" bev="0" fileid="20" />
            </Method>
            <Method visited="true" cyclomaticComplexity="2" nPathComplexity="2" sequenceCoverage="100" branchCoverage="100" isConstructor="false" isStatic="false" isGetter="false" isSetter="false">
              <Summary numSequencePoints="5" visitedSequencePoints="5" numBranchPoints="3" visitedBranchPoints="3" sequenceCoverage="100" branchCoverage="100" maxCyclomaticComplexity="2" minCyclomaticComplexity="2" visitedClasses="0" numClasses="0" visitedMethods="1" numMethods="1" />
              <MetadataToken>100663335</MetadataToken>
              <Name>Microsoft.AspNetCore.Mvc.IActionResult ApiPerson.Controllers.PersonController::Put(ApiPerson.Models.Person)</Name>
              <FileRef uid="20" />
              <SequencePoints>
                <SequencePoint vc="2" uspid="344" ordinal="0" offset="0" sl="54" sc="9" el="54" ec="10" bec="0" bev="0" fileid="20" />
                <SequencePoint vc="2" uspid="345" ordinal="1" offset="1" sl="55" sc="13" el="55" ec="32" bec="2" bev="2" fileid="20" />
                <SequencePoint vc="1" uspid="346" ordinal="2" offset="9" sl="55" sc="33" el="55" ec="53" bec="0" bev="0" fileid="20" />
                <SequencePoint vc="1" uspid="347" ordinal="3" offset="18" sl="56" sc="13" el="56" ec="54" bec="0" bev="0" fileid="20" />
                <SequencePoint vc="2" uspid="348" ordinal="4" offset="39" sl="57" sc="9" el="57" ec="10" bec="0" bev="0" fileid="20" />
              </SequencePoints>
              <BranchPoints>
                <BranchPoint vc="1" uspid="349" ordinal="0" offset="7" sl="55" path="0" offsetend="9" fileid="20" />
                <BranchPoint vc="1" uspid="350" ordinal="1" offset="7" sl="55" path="1" offsetend="18" fileid="20" />
              </BranchPoints>
              <MethodPoint xsi:type="SequencePoint" vc="2" uspid="344" ordinal="0" offset="0" sl="54" sc="9" el="54" ec="10" bec="0" bev="0" fileid="20" />
            </Method>
            <Method visited="true" cyclomaticComplexity="2" nPathComplexity="2" sequenceCoverage="100" branchCoverage="100" isConstructor="false" isStatic="false" isGetter="false" isSetter="false">
              <Summary numSequencePoints="7" visitedSequencePoints="7" numBranchPoints="3" visitedBranchPoints="3" sequenceCoverage="100" branchCoverage="100" maxCyclomaticComplexity="2" minCyclomaticComplexity="2" visitedClasses="0" numClasses="0" visitedMethods="1" numMethods="1" />
              <MetadataToken>100663336</MetadataToken>
              <Name>Microsoft.AspNetCore.Mvc.IActionResult ApiPerson.Controllers.PersonController::Delete(System.Int64)</Name>
              <FileRef uid="20" />
              <SequencePoints>
                <SequencePoint vc="2" uspid="351" ordinal="0" offset="0" sl="61" sc="9" el="61" ec="10" bec="0" bev="0" fileid="20" />
                <SequencePoint vc="2" uspid="352" ordinal="1" offset="1" sl="62" sc="13" el="62" ec="54" bec="0" bev="0" fileid="20" />
                <SequencePoint vc="2" uspid="353" ordinal="2" offset="14" sl="63" sc="13" el="63" ec="32" bec="2" bev="2" fileid="20" />
                <SequencePoint vc="1" uspid="354" ordinal="3" offset="22" sl="63" sc="33" el="63" ec="51" bec="0" bev="0" fileid="20" />
                <SequencePoint vc="1" uspid="355" ordinal="4" offset="31" sl="64" sc="13" el="64" ec="39" bec="0" bev="0" fileid="20" />
                <SequencePoint vc="1" uspid="356" ordinal="5" offset="44" sl="65" sc="13" el="65" ec="32" bec="0" bev="0" fileid="20" />
                <SequencePoint vc="2" uspid="357" ordinal="6" offset="53" sl="66" sc="9" el="66" ec="10" bec="0" bev="0" fileid="20" />
              </SequencePoints>
              <BranchPoints>
                <BranchPoint vc="1" uspid="358" ordinal="0" offset="20" sl="63" path="0" offsetend="22" fileid="20" />
                <BranchPoint vc="1" uspid="359" ordinal="1" offset="20" sl="63" path="1" offsetend="31" fileid="20" />
              </BranchPoints>
              <MethodPoint xsi:type="SequencePoint" vc="2" uspid="351" ordinal="0" offset="0" sl="61" sc="9" el="61" ec="10" bec="0" bev="0" fileid="20" />
            </Method>
          </Methods>
        </Class>
      </Classes>
    </Module>
    <Module skippedDueTo="MissingPdb" hash="07-40-F1-29-82-73-6C-2E-78-95-FC-05-1C-BF-83-3A-4D-09-74-FF">
      <ModulePath>C:\Users\julia\Desktop\Treinamento\api-person\ApiPerson.Test\bin\Debug\netcoreapp3.1\Microsoft.Extensions.Logging.Abstractions.dll</ModulePath>
      <ModuleTime>2020-10-19T21:48:04Z</ModuleTime>
      <ModuleName>Microsoft.Extensions.Logging.Abstractions</ModuleName>
      <Classes />
    </Module>
    <Module skippedDueTo="MissingPdb" hash="E6-5D-55-52-F9-72-C2-AB-9E-D2-44-4A-BC-D6-1F-35-FF-16-E6-29">
      <ModulePath>C:\Program Files\dotnet\shared\Microsoft.AspNetCore.App\3.1.10\Microsoft.AspNetCore.Mvc.Core.dll</ModulePath>
      <ModuleTime>2020-10-21T03:19:40Z</ModuleTime>
      <ModuleName>Microsoft.AspNetCore.Mvc.Core</ModuleName>
      <Classes />
    </Module>
    <Module skippedDueTo="Filter" hash="46-26-91-51-7A-4E-0E-2E-75-09-19-39-E3-12-9D-EB-50-50-E2-7E">
      <ModulePath>C:\Program Files\dotnet\shared\Microsoft.NETCore.App\3.1.10\System.Threading.Tasks.Extensions.dll</ModulePath>
      <ModuleTime>2020-10-19T22:23:06Z</ModuleTime>
      <ModuleName>System.Threading.Tasks.Extensions</ModuleName>
      <Classes />
    </Module>
    <Module skippedDueTo="MissingPdb" hash="1B-C8-5E-15-86-C8-33-45-A1-6A-73-C1-FC-AD-DF-63-1C-24-B8-23">
      <ModulePath>C:\Users\julia\Desktop\Treinamento\api-person\ApiPerson.Test\bin\Debug\netcoreapp3.1\Castle.Core.dll</ModulePath>
      <ModuleTime>2019-04-05T04:50:28Z</ModuleTime>
      <ModuleName>Castle.Core</ModuleName>
      <Classes />
    </Module>
    <Module skippedDueTo="Filter" hash="EE-26-08-FE-A9-B7-FC-99-77-DF-C4-20-FC-BD-98-A0-CA-C5-36-11">
      <ModulePath>C:\Program Files\dotnet\shared\Microsoft.NETCore.App\3.1.10\System.Reflection.TypeExtensions.dll</ModulePath>
      <ModuleTime>2020-10-19T22:22:56Z</ModuleTime>
      <ModuleName>System.Reflection.TypeExtensions</ModuleName>
      <Classes />
    </Module>
    <Module skippedDueTo="Filter" hash="C9-1D-65-0A-B8-46-C9-33-30-E5-0B-4F-F1-D0-CB-89-A6-B1-66-A6">
      <ModulePath>C:\Program Files\dotnet\shared\Microsoft.NETCore.App\3.1.10\System.Reflection.Emit.dll</ModulePath>
      <ModuleTime>2020-10-19T22:22:56Z</ModuleTime>
      <ModuleName>System.Reflection.Emit</ModuleName>
      <Classes />
    </Module>
    <Module skippedDueTo="MissingPdb" hash="">
      <ModulePath>RefEmit_InMemoryManifestModule</ModulePath>
      <ModuleTime>0001-01-01T00:00:00</ModuleTime>
      <ModuleName>DynamicProxyGenAssembly2</ModuleName>
      <Classes />
    </Module>
    <Module skippedDueTo="MissingPdb" hash="44-51-75-9D-E3-40-2A-10-D7-03-46-EF-4F-43-4C-ED-A9-42-79-BC">
      <ModulePath>C:\Program Files\dotnet\shared\Microsoft.AspNetCore.App\3.1.10\Microsoft.AspNetCore.Mvc.Abstractions.dll</ModulePath>
      <ModuleTime>2020-10-21T03:19:38Z</ModuleTime>
      <ModuleName>Microsoft.AspNetCore.Mvc.Abstractions</ModuleName>
      <Classes />
    </Module>
    <Module skippedDueTo="MissingPdb" hash="63-66-D1-09-4C-B3-BF-D9-9D-4B-55-84-37-5F-27-78-B2-B6-63-3A">
      <ModulePath>C:\Users\julia\Desktop\Treinamento\api-person\ApiPerson.Test\bin\Debug\netcoreapp3.1\Microsoft.EntityFrameworkCore.dll</ModulePath>
      <ModuleTime>2020-11-26T08:31:28Z</ModuleTime>
      <ModuleName>Microsoft.EntityFrameworkCore</ModuleName>
      <Classes />
    </Module>
    <Module skippedDueTo="Filter" hash="91-E6-6F-4F-7A-AC-E8-34-A4-D0-97-C5-A3-CA-FB-29-61-B5-3A-A1">
      <ModulePath>C:\Program Files\dotnet\shared\Microsoft.NETCore.App\3.1.10\System.ComponentModel.dll</ModulePath>
      <ModuleTime>2020-10-19T22:22:38Z</ModuleTime>
      <ModuleName>System.ComponentModel</ModuleName>
      <Classes />
    </Module>
    <Module skippedDueTo="Filter" hash="AA-D6-01-D4-57-88-77-6C-FE-61-80-A9-2B-E7-90-AB-2E-F1-5C-4E">
      <ModulePath>C:\Program Files\dotnet\shared\Microsoft.NETCore.App\3.1.10\System.ComponentModel.TypeConverter.dll</ModulePath>
      <ModuleTime>2020-10-19T22:23:04Z</ModuleTime>
      <ModuleName>System.ComponentModel.TypeConverter</ModuleName>
      <Classes />
    </Module>
    <Module skippedDueTo="Filter" hash="5B-FA-C8-0B-1D-FC-9D-D5-C2-A3-43-D0-86-FD-55-BA-BE-5B-CD-0E">
      <ModulePath>C:\Program Files\dotnet\shared\Microsoft.NETCore.App\3.1.10\System.Linq.Queryable.dll</ModulePath>
      <ModuleTime>2020-10-19T22:23:08Z</ModuleTime>
      <ModuleName>System.Linq.Queryable</ModuleName>
      <Classes />
    </Module>
    <Module skippedDueTo="MissingPdb" hash="">
      <ModulePath>RefEmit_InMemoryManifestModule</ModulePath>
      <ModuleTime>0001-01-01T00:00:00</ModuleTime>
      <ModuleName>DynamicProxyGenAssembly2</ModuleName>
      <Classes />
    </Module>
    <Module skippedDueTo="MissingPdb" hash="8C-65-EE-A5-DD-FC-2F-13-E7-C7-49-E1-B9-F9-33-D9-C3-91-D6-9F">
      <ModulePath>C:\Users\julia\Desktop\Treinamento\api-person\ApiPerson.Test\bin\Debug\netcoreapp3.1\Microsoft.Extensions.DependencyInjection.Abstractions.dll</ModulePath>
      <ModuleTime>2020-10-19T21:48:00Z</ModuleTime>
      <ModuleName>Microsoft.Extensions.DependencyInjection.Abstractions</ModuleName>
      <Classes />
    </Module>
    <Module skippedDueTo="MissingPdb" hash="08-48-B6-8B-2D-8E-37-8D-2D-2F-02-0C-37-5D-88-85-E8-D2-A7-37">
      <ModulePath>C:\Users\julia\Desktop\Treinamento\api-person\ApiPerson.Test\bin\Debug\netcoreapp3.1\Microsoft.Extensions.DependencyInjection.dll</ModulePath>
      <ModuleTime>2020-11-26T04:59:08Z</ModuleTime>
      <ModuleName>Microsoft.Extensions.DependencyInjection</ModuleName>
      <Classes />
    </Module>
    <Module skippedDueTo="Filter" hash="E4-DE-28-51-00-D8-B6-90-B7-A4-4B-56-5F-5F-ED-F7-1E-6E-C0-E2">
      <ModulePath>C:\Users\julia\Desktop\Treinamento\api-person\ApiPerson.Test\bin\Debug\netcoreapp3.1\System.Diagnostics.DiagnosticSource.dll</ModulePath>
      <ModuleTime>2020-10-19T21:38:16Z</ModuleTime>
      <ModuleName>System.Diagnostics.DiagnosticSource</ModuleName>
      <Classes />
    </Module>
    <Module skippedDueTo="MissingPdb" hash="7C-56-E1-14-F5-81-33-39-6C-3F-7D-B0-1A-8E-48-9F-CE-6A-2F-0A">
      <ModulePath>C:\Users\julia\Desktop\Treinamento\api-person\ApiPerson.Test\bin\Debug\netcoreapp3.1\Microsoft.EntityFrameworkCore.Abstractions.dll</ModulePath>
      <ModuleTime>2020-11-26T08:31:18Z</ModuleTime>
      <ModuleName>Microsoft.EntityFrameworkCore.Abstractions</ModuleName>
      <Classes />
    </Module>
    <Module skippedDueTo="MissingPdb" hash="D3-23-FE-49-70-F1-DB-D9-A6-CE-5A-C8-EA-6B-B5-A9-0C-89-0F-80">
      <ModulePath>C:\Users\julia\Desktop\Treinamento\api-person\ApiPerson.Test\bin\Debug\netcoreapp3.1\Microsoft.Extensions.Caching.Abstractions.dll</ModulePath>
      <ModuleTime>2020-10-19T21:48:26Z</ModuleTime>
      <ModuleName>Microsoft.Extensions.Caching.Abstractions</ModuleName>
      <Classes />
    </Module>
    <Module skippedDueTo="Filter" hash="33-93-24-B7-CE-F8-5F-8B-39-90-DC-9F-64-13-AA-44-60-A7-57-60">
      <ModulePath>C:\Program Files\dotnet\shared\Microsoft.NETCore.App\3.1.10\System.Security.Cryptography.Primitives.dll</ModulePath>
      <ModuleTime>2020-10-19T22:23:02Z</ModuleTime>
      <ModuleName>System.Security.Cryptography.Primitives</ModuleName>
      <Classes />
    </Module>
  </Modules>
</CoverageSession>